2024-05-29 11:52:02,262 ----------------------------------------------------------------------------------------------------
2024-05-29 11:52:02,263 Model: "SequenceTagger(
  (embeddings): TransformerWordEmbeddings(
    (model): BertModel(
      (embeddings): BertEmbeddings(
        (word_embeddings): Embedding(31003, 768)
        (position_embeddings): Embedding(512, 768)
        (token_type_embeddings): Embedding(2, 768)
        (LayerNorm): LayerNorm((768,), eps=1e-12, elementwise_affine=True)
        (dropout): Dropout(p=0.1, inplace=False)
      )
      (encoder): BertEncoder(
        (layer): ModuleList(
          (0-11): 12 x BertLayer(
            (attention): BertAttention(
              (self): BertSdpaSelfAttention(
                (query): Linear(in_features=768, out_features=768, bias=True)
                (key): Linear(in_features=768, out_features=768, bias=True)
                (value): Linear(in_features=768, out_features=768, bias=True)
                (dropout): Dropout(p=0.1, inplace=False)
              )
              (output): BertSelfOutput(
                (dense): Linear(in_features=768, out_features=768, bias=True)
                (LayerNorm): LayerNorm((768,), eps=1e-12, elementwise_affine=True)
                (dropout): Dropout(p=0.1, inplace=False)
              )
            )
            (intermediate): BertIntermediate(
              (dense): Linear(in_features=768, out_features=3072, bias=True)
              (intermediate_act_fn): GELUActivation()
            )
            (output): BertOutput(
              (dense): Linear(in_features=3072, out_features=768, bias=True)
              (LayerNorm): LayerNorm((768,), eps=1e-12, elementwise_affine=True)
              (dropout): Dropout(p=0.1, inplace=False)
            )
          )
        )
      )
      (pooler): BertPooler(
        (dense): Linear(in_features=768, out_features=768, bias=True)
        (activation): Tanh()
      )
    )
  )
  (locked_dropout): LockedDropout(p=0.5)
  (linear): Linear(in_features=768, out_features=5, bias=True)
  (loss_function): CrossEntropyLoss()
)"
2024-05-29 11:52:02,264 ----------------------------------------------------------------------------------------------------
2024-05-29 11:52:02,264 Corpus: 11207 train + 1087 dev + 1022 test sentences
2024-05-29 11:52:02,264 ----------------------------------------------------------------------------------------------------
2024-05-29 11:52:02,264 Train:  11207 sentences
2024-05-29 11:52:02,265         (train_with_dev=False, train_with_test=False)
2024-05-29 11:52:02,265 ----------------------------------------------------------------------------------------------------
2024-05-29 11:52:02,265 Training Params:
2024-05-29 11:52:02,265  - learning_rate: "5e-06" 
2024-05-29 11:52:02,265  - mini_batch_size: "4"
2024-05-29 11:52:02,266  - max_epochs: "20"
2024-05-29 11:52:02,266  - shuffle: "True"
2024-05-29 11:52:02,266 ----------------------------------------------------------------------------------------------------
2024-05-29 11:52:02,266 Plugins:
2024-05-29 11:52:02,267  - LinearScheduler | warmup_fraction: '0.1'
2024-05-29 11:52:02,267 ----------------------------------------------------------------------------------------------------
2024-05-29 11:52:02,267 Final evaluation on model after last epoch (final-model.pt)
2024-05-29 11:52:02,267  - metric: "('micro avg', 'f1-score')"
2024-05-29 11:52:02,267 ----------------------------------------------------------------------------------------------------
2024-05-29 11:52:02,268 Computation:
2024-05-29 11:52:02,268  - compute on device: cuda:0
2024-05-29 11:52:02,268  - embedding storage: gpu
2024-05-29 11:52:02,268 ----------------------------------------------------------------------------------------------------
2024-05-29 11:52:02,268 Model training base path: "ner_bertSpanish_fineTuning"
2024-05-29 11:52:02,269 ----------------------------------------------------------------------------------------------------
2024-05-29 11:52:02,269 ----------------------------------------------------------------------------------------------------
2024-05-29 11:52:36,700 epoch 1 - iter 280/2802 - loss 1.90125930 - time (sec): 34.43 - samples/sec: 418.35 - lr: 0.000000 - momentum: 0.000000
2024-05-29 11:53:06,717 epoch 1 - iter 560/2802 - loss 1.46279057 - time (sec): 64.45 - samples/sec: 450.34 - lr: 0.000000 - momentum: 0.000000
2024-05-29 11:53:36,712 epoch 1 - iter 840/2802 - loss 1.01823325 - time (sec): 94.44 - samples/sec: 461.17 - lr: 0.000001 - momentum: 0.000000
2024-05-29 11:54:06,771 epoch 1 - iter 1120/2802 - loss 0.76673949 - time (sec): 124.50 - samples/sec: 468.73 - lr: 0.000001 - momentum: 0.000000
2024-05-29 11:54:36,888 epoch 1 - iter 1400/2802 - loss 0.61340979 - time (sec): 154.62 - samples/sec: 473.37 - lr: 0.000001 - momentum: 0.000000
2024-05-29 11:55:07,303 epoch 1 - iter 1680/2802 - loss 0.51491491 - time (sec): 185.03 - samples/sec: 473.78 - lr: 0.000001 - momentum: 0.000000
2024-05-29 11:55:37,347 epoch 1 - iter 1960/2802 - loss 0.44339259 - time (sec): 215.08 - samples/sec: 474.86 - lr: 0.000002 - momentum: 0.000000
2024-05-29 11:56:07,394 epoch 1 - iter 2240/2802 - loss 0.38950949 - time (sec): 245.12 - samples/sec: 475.88 - lr: 0.000002 - momentum: 0.000000
2024-05-29 11:56:38,069 epoch 1 - iter 2520/2802 - loss 0.34766416 - time (sec): 275.80 - samples/sec: 475.76 - lr: 0.000002 - momentum: 0.000000
2024-05-29 11:57:08,368 epoch 1 - iter 2800/2802 - loss 0.31530318 - time (sec): 306.10 - samples/sec: 473.80 - lr: 0.000002 - momentum: 0.000000
2024-05-29 11:57:08,567 ----------------------------------------------------------------------------------------------------
2024-05-29 11:57:08,568 EPOCH 1 done: loss 0.3151 - lr: 0.000002
2024-05-29 11:57:13,970 DEV : loss 0.012163749895989895 - f1-score (micro avg)  0.4912
2024-05-29 11:57:13,999 ----------------------------------------------------------------------------------------------------
2024-05-29 11:57:45,450 epoch 2 - iter 280/2802 - loss 0.01118171 - time (sec): 31.45 - samples/sec: 460.65 - lr: 0.000003 - momentum: 0.000000
2024-05-29 11:58:16,947 epoch 2 - iter 560/2802 - loss 0.00814374 - time (sec): 62.95 - samples/sec: 464.78 - lr: 0.000003 - momentum: 0.000000
2024-05-29 11:58:48,503 epoch 2 - iter 840/2802 - loss 0.00756367 - time (sec): 94.50 - samples/sec: 461.33 - lr: 0.000003 - momentum: 0.000000
2024-05-29 11:59:19,931 epoch 2 - iter 1120/2802 - loss 0.00660578 - time (sec): 125.93 - samples/sec: 462.14 - lr: 0.000003 - momentum: 0.000000
2024-05-29 11:59:51,447 epoch 2 - iter 1400/2802 - loss 0.00696032 - time (sec): 157.45 - samples/sec: 460.44 - lr: 0.000004 - momentum: 0.000000
2024-05-29 12:00:22,381 epoch 2 - iter 1680/2802 - loss 0.00640578 - time (sec): 188.38 - samples/sec: 459.85 - lr: 0.000004 - momentum: 0.000000
2024-05-29 12:00:52,579 epoch 2 - iter 1960/2802 - loss 0.00596522 - time (sec): 218.58 - samples/sec: 460.72 - lr: 0.000004 - momentum: 0.000000
2024-05-29 12:01:22,774 epoch 2 - iter 2240/2802 - loss 0.00621046 - time (sec): 248.77 - samples/sec: 465.07 - lr: 0.000004 - momentum: 0.000000
2024-05-29 12:01:52,993 epoch 2 - iter 2520/2802 - loss 0.00611599 - time (sec): 278.99 - samples/sec: 465.82 - lr: 0.000005 - momentum: 0.000000
2024-05-29 12:02:23,294 epoch 2 - iter 2800/2802 - loss 0.00610986 - time (sec): 309.29 - samples/sec: 468.69 - lr: 0.000005 - momentum: 0.000000
2024-05-29 12:02:23,487 ----------------------------------------------------------------------------------------------------
2024-05-29 12:02:23,487 EPOCH 2 done: loss 0.0061 - lr: 0.000005
2024-05-29 12:02:24,167 DEV : loss 0.012478359043598175 - f1-score (micro avg)  0.4912
2024-05-29 12:02:24,216 ----------------------------------------------------------------------------------------------------
2024-05-29 12:02:54,565 epoch 3 - iter 280/2802 - loss 0.00247498 - time (sec): 30.35 - samples/sec: 479.86 - lr: 0.000005 - momentum: 0.000000
2024-05-29 12:03:25,164 epoch 3 - iter 560/2802 - loss 0.00415287 - time (sec): 60.95 - samples/sec: 469.39 - lr: 0.000005 - momentum: 0.000000
2024-05-29 12:03:55,304 epoch 3 - iter 840/2802 - loss 0.00394542 - time (sec): 91.09 - samples/sec: 473.22 - lr: 0.000005 - momentum: 0.000000
2024-05-29 12:04:25,441 epoch 3 - iter 1120/2802 - loss 0.00463149 - time (sec): 121.22 - samples/sec: 477.26 - lr: 0.000005 - momentum: 0.000000
2024-05-29 12:04:55,615 epoch 3 - iter 1400/2802 - loss 0.00414854 - time (sec): 151.40 - samples/sec: 476.43 - lr: 0.000005 - momentum: 0.000000
2024-05-29 12:05:25,772 epoch 3 - iter 1680/2802 - loss 0.00390403 - time (sec): 181.55 - samples/sec: 475.12 - lr: 0.000005 - momentum: 0.000000
2024-05-29 12:05:55,919 epoch 3 - iter 1960/2802 - loss 0.00372473 - time (sec): 211.70 - samples/sec: 477.61 - lr: 0.000005 - momentum: 0.000000
2024-05-29 12:06:26,096 epoch 3 - iter 2240/2802 - loss 0.00404821 - time (sec): 241.88 - samples/sec: 479.63 - lr: 0.000005 - momentum: 0.000000
2024-05-29 12:06:56,163 epoch 3 - iter 2520/2802 - loss 0.00419386 - time (sec): 271.95 - samples/sec: 479.88 - lr: 0.000005 - momentum: 0.000000
2024-05-29 12:07:26,236 epoch 3 - iter 2800/2802 - loss 0.00405495 - time (sec): 302.02 - samples/sec: 480.22 - lr: 0.000005 - momentum: 0.000000
2024-05-29 12:07:26,429 ----------------------------------------------------------------------------------------------------
2024-05-29 12:07:26,429 EPOCH 3 done: loss 0.0041 - lr: 0.000005
2024-05-29 12:07:27,086 DEV : loss 0.01281978189945221 - f1-score (micro avg)  0.4912
2024-05-29 12:07:27,117 ----------------------------------------------------------------------------------------------------
2024-05-29 12:07:57,186 epoch 4 - iter 280/2802 - loss 0.00394391 - time (sec): 30.07 - samples/sec: 485.94 - lr: 0.000005 - momentum: 0.000000
2024-05-29 12:08:27,250 epoch 4 - iter 560/2802 - loss 0.00347850 - time (sec): 60.13 - samples/sec: 485.16 - lr: 0.000005 - momentum: 0.000000
2024-05-29 12:08:57,320 epoch 4 - iter 840/2802 - loss 0.00265039 - time (sec): 90.20 - samples/sec: 479.76 - lr: 0.000005 - momentum: 0.000000
2024-05-29 12:09:27,375 epoch 4 - iter 1120/2802 - loss 0.00232280 - time (sec): 120.26 - samples/sec: 483.99 - lr: 0.000005 - momentum: 0.000000
2024-05-29 12:09:57,900 epoch 4 - iter 1400/2802 - loss 0.00238100 - time (sec): 150.78 - samples/sec: 479.04 - lr: 0.000005 - momentum: 0.000000
2024-05-29 12:10:27,964 epoch 4 - iter 1680/2802 - loss 0.00257275 - time (sec): 180.85 - samples/sec: 477.44 - lr: 0.000005 - momentum: 0.000000
2024-05-29 12:10:57,985 epoch 4 - iter 1960/2802 - loss 0.00284500 - time (sec): 210.87 - samples/sec: 478.97 - lr: 0.000005 - momentum: 0.000000
2024-05-29 12:11:28,045 epoch 4 - iter 2240/2802 - loss 0.00309137 - time (sec): 240.93 - samples/sec: 478.47 - lr: 0.000005 - momentum: 0.000000
2024-05-29 12:11:58,112 epoch 4 - iter 2520/2802 - loss 0.00283879 - time (sec): 270.99 - samples/sec: 480.86 - lr: 0.000004 - momentum: 0.000000
2024-05-29 12:12:28,116 epoch 4 - iter 2800/2802 - loss 0.00282306 - time (sec): 301.00 - samples/sec: 481.74 - lr: 0.000004 - momentum: 0.000000
2024-05-29 12:12:28,306 ----------------------------------------------------------------------------------------------------
2024-05-29 12:12:28,306 EPOCH 4 done: loss 0.0028 - lr: 0.000004
2024-05-29 12:12:28,975 DEV : loss 0.013099771924316883 - f1-score (micro avg)  0.5
2024-05-29 12:12:29,009 ----------------------------------------------------------------------------------------------------
2024-05-29 12:12:58,992 epoch 5 - iter 280/2802 - loss 0.00005449 - time (sec): 29.98 - samples/sec: 470.84 - lr: 0.000004 - momentum: 0.000000
2024-05-29 12:13:28,607 epoch 5 - iter 560/2802 - loss 0.00192955 - time (sec): 59.60 - samples/sec: 488.44 - lr: 0.000004 - momentum: 0.000000
2024-05-29 12:13:58,257 epoch 5 - iter 840/2802 - loss 0.00145866 - time (sec): 89.25 - samples/sec: 486.01 - lr: 0.000004 - momentum: 0.000000
2024-05-29 12:14:27,935 epoch 5 - iter 1120/2802 - loss 0.00143659 - time (sec): 118.92 - samples/sec: 482.66 - lr: 0.000004 - momentum: 0.000000
2024-05-29 12:14:57,692 epoch 5 - iter 1400/2802 - loss 0.00179665 - time (sec): 148.68 - samples/sec: 488.32 - lr: 0.000004 - momentum: 0.000000
2024-05-29 12:15:27,401 epoch 5 - iter 1680/2802 - loss 0.00217656 - time (sec): 178.39 - samples/sec: 485.08 - lr: 0.000004 - momentum: 0.000000
2024-05-29 12:15:57,136 epoch 5 - iter 1960/2802 - loss 0.00239458 - time (sec): 208.12 - samples/sec: 483.71 - lr: 0.000004 - momentum: 0.000000
2024-05-29 12:16:26,785 epoch 5 - iter 2240/2802 - loss 0.00221710 - time (sec): 237.77 - samples/sec: 484.89 - lr: 0.000004 - momentum: 0.000000
2024-05-29 12:16:56,484 epoch 5 - iter 2520/2802 - loss 0.00204746 - time (sec): 267.47 - samples/sec: 487.45 - lr: 0.000004 - momentum: 0.000000
2024-05-29 12:17:26,182 epoch 5 - iter 2800/2802 - loss 0.00186337 - time (sec): 297.17 - samples/sec: 488.05 - lr: 0.000004 - momentum: 0.000000
2024-05-29 12:17:26,371 ----------------------------------------------------------------------------------------------------
2024-05-29 12:17:26,372 EPOCH 5 done: loss 0.0019 - lr: 0.000004
2024-05-29 12:17:27,035 DEV : loss 0.0133501086384058 - f1-score (micro avg)  0.5
2024-05-29 12:17:27,075 ----------------------------------------------------------------------------------------------------
2024-05-29 12:17:56,804 epoch 6 - iter 280/2802 - loss 0.00024623 - time (sec): 29.73 - samples/sec: 471.44 - lr: 0.000004 - momentum: 0.000000
2024-05-29 12:18:26,521 epoch 6 - iter 560/2802 - loss 0.00029270 - time (sec): 59.44 - samples/sec: 476.71 - lr: 0.000004 - momentum: 0.000000
2024-05-29 12:18:56,220 epoch 6 - iter 840/2802 - loss 0.00131568 - time (sec): 89.14 - samples/sec: 473.38 - lr: 0.000004 - momentum: 0.000000
2024-05-29 12:19:25,961 epoch 6 - iter 1120/2802 - loss 0.00128745 - time (sec): 118.88 - samples/sec: 478.70 - lr: 0.000004 - momentum: 0.000000
2024-05-29 12:19:55,648 epoch 6 - iter 1400/2802 - loss 0.00135868 - time (sec): 148.57 - samples/sec: 479.90 - lr: 0.000004 - momentum: 0.000000
2024-05-29 12:20:25,364 epoch 6 - iter 1680/2802 - loss 0.00114024 - time (sec): 178.29 - samples/sec: 483.13 - lr: 0.000004 - momentum: 0.000000
2024-05-29 12:20:55,112 epoch 6 - iter 1960/2802 - loss 0.00148977 - time (sec): 208.04 - samples/sec: 483.46 - lr: 0.000004 - momentum: 0.000000
2024-05-29 12:21:24,845 epoch 6 - iter 2240/2802 - loss 0.00129618 - time (sec): 237.77 - samples/sec: 486.58 - lr: 0.000004 - momentum: 0.000000
2024-05-29 12:21:54,603 epoch 6 - iter 2520/2802 - loss 0.00129815 - time (sec): 267.53 - samples/sec: 487.07 - lr: 0.000004 - momentum: 0.000000
2024-05-29 12:22:24,371 epoch 6 - iter 2800/2802 - loss 0.00136720 - time (sec): 297.29 - samples/sec: 487.85 - lr: 0.000004 - momentum: 0.000000
2024-05-29 12:22:24,560 ----------------------------------------------------------------------------------------------------
2024-05-29 12:22:24,560 EPOCH 6 done: loss 0.0014 - lr: 0.000004
2024-05-29 12:22:25,295 DEV : loss 0.013601241633296013 - f1-score (micro avg)  0.5
2024-05-29 12:22:25,316 ----------------------------------------------------------------------------------------------------
2024-05-29 12:22:55,012 epoch 7 - iter 280/2802 - loss 0.00415102 - time (sec): 29.69 - samples/sec: 476.25 - lr: 0.000004 - momentum: 0.000000
2024-05-29 12:23:24,736 epoch 7 - iter 560/2802 - loss 0.00275613 - time (sec): 59.42 - samples/sec: 474.05 - lr: 0.000004 - momentum: 0.000000
2024-05-29 12:23:54,454 epoch 7 - iter 840/2802 - loss 0.00249798 - time (sec): 89.14 - samples/sec: 478.19 - lr: 0.000004 - momentum: 0.000000
2024-05-29 12:24:24,251 epoch 7 - iter 1120/2802 - loss 0.00193688 - time (sec): 118.93 - samples/sec: 479.54 - lr: 0.000004 - momentum: 0.000000
2024-05-29 12:24:54,290 epoch 7 - iter 1400/2802 - loss 0.00166669 - time (sec): 148.97 - samples/sec: 482.93 - lr: 0.000004 - momentum: 0.000000
2024-05-29 12:25:24,072 epoch 7 - iter 1680/2802 - loss 0.00156758 - time (sec): 178.75 - samples/sec: 485.24 - lr: 0.000004 - momentum: 0.000000
2024-05-29 12:25:53,801 epoch 7 - iter 1960/2802 - loss 0.00165683 - time (sec): 208.48 - samples/sec: 485.75 - lr: 0.000004 - momentum: 0.000000
2024-05-29 12:26:23,496 epoch 7 - iter 2240/2802 - loss 0.00155439 - time (sec): 238.18 - samples/sec: 486.36 - lr: 0.000004 - momentum: 0.000000
2024-05-29 12:26:53,272 epoch 7 - iter 2520/2802 - loss 0.00149354 - time (sec): 267.95 - samples/sec: 487.24 - lr: 0.000004 - momentum: 0.000000
2024-05-29 12:27:23,304 epoch 7 - iter 2800/2802 - loss 0.00139525 - time (sec): 297.99 - samples/sec: 486.64 - lr: 0.000004 - momentum: 0.000000
2024-05-29 12:27:23,494 ----------------------------------------------------------------------------------------------------
2024-05-29 12:27:23,494 EPOCH 7 done: loss 0.0014 - lr: 0.000004
2024-05-29 12:27:24,157 DEV : loss 0.01378232054412365 - f1-score (micro avg)  0.5091
2024-05-29 12:27:24,188 ----------------------------------------------------------------------------------------------------
2024-05-29 12:27:53,918 epoch 8 - iter 280/2802 - loss 0.00188811 - time (sec): 29.73 - samples/sec: 471.33 - lr: 0.000004 - momentum: 0.000000
2024-05-29 12:28:23,631 epoch 8 - iter 560/2802 - loss 0.00155137 - time (sec): 59.44 - samples/sec: 470.21 - lr: 0.000004 - momentum: 0.000000
2024-05-29 12:28:53,351 epoch 8 - iter 840/2802 - loss 0.00101734 - time (sec): 89.16 - samples/sec: 479.56 - lr: 0.000004 - momentum: 0.000000
2024-05-29 12:29:23,096 epoch 8 - iter 1120/2802 - loss 0.00098490 - time (sec): 118.91 - samples/sec: 480.40 - lr: 0.000004 - momentum: 0.000000
2024-05-29 12:29:52,937 epoch 8 - iter 1400/2802 - loss 0.00083581 - time (sec): 148.75 - samples/sec: 478.77 - lr: 0.000003 - momentum: 0.000000
2024-05-29 12:30:22,803 epoch 8 - iter 1680/2802 - loss 0.00094165 - time (sec): 178.61 - samples/sec: 483.07 - lr: 0.000003 - momentum: 0.000000
2024-05-29 12:30:52,611 epoch 8 - iter 1960/2802 - loss 0.00089403 - time (sec): 208.42 - samples/sec: 489.51 - lr: 0.000003 - momentum: 0.000000
2024-05-29 12:31:22,445 epoch 8 - iter 2240/2802 - loss 0.00078688 - time (sec): 238.26 - samples/sec: 486.76 - lr: 0.000003 - momentum: 0.000000
2024-05-29 12:31:52,198 epoch 8 - iter 2520/2802 - loss 0.00074077 - time (sec): 268.01 - samples/sec: 486.05 - lr: 0.000003 - momentum: 0.000000
2024-05-29 12:32:21,909 epoch 8 - iter 2800/2802 - loss 0.00071077 - time (sec): 297.72 - samples/sec: 487.04 - lr: 0.000003 - momentum: 0.000000
2024-05-29 12:32:22,100 ----------------------------------------------------------------------------------------------------
2024-05-29 12:32:22,100 EPOCH 8 done: loss 0.0007 - lr: 0.000003
2024-05-29 12:32:22,790 DEV : loss 0.013936722651124 - f1-score (micro avg)  0.5185
2024-05-29 12:32:22,812 ----------------------------------------------------------------------------------------------------
2024-05-29 12:32:52,896 epoch 9 - iter 280/2802 - loss 0.00096003 - time (sec): 30.08 - samples/sec: 473.46 - lr: 0.000003 - momentum: 0.000000
2024-05-29 12:33:22,580 epoch 9 - iter 560/2802 - loss 0.00047055 - time (sec): 59.77 - samples/sec: 487.95 - lr: 0.000003 - momentum: 0.000000
2024-05-29 12:33:52,281 epoch 9 - iter 840/2802 - loss 0.00032305 - time (sec): 89.47 - samples/sec: 481.15 - lr: 0.000003 - momentum: 0.000000
2024-05-29 12:34:22,031 epoch 9 - iter 1120/2802 - loss 0.00024339 - time (sec): 119.22 - samples/sec: 480.38 - lr: 0.000003 - momentum: 0.000000
2024-05-29 12:34:51,796 epoch 9 - iter 1400/2802 - loss 0.00047159 - time (sec): 148.98 - samples/sec: 479.99 - lr: 0.000003 - momentum: 0.000000
2024-05-29 12:35:21,618 epoch 9 - iter 1680/2802 - loss 0.00051171 - time (sec): 178.80 - samples/sec: 484.72 - lr: 0.000003 - momentum: 0.000000
2024-05-29 12:35:51,419 epoch 9 - iter 1960/2802 - loss 0.00043999 - time (sec): 208.61 - samples/sec: 483.96 - lr: 0.000003 - momentum: 0.000000
2024-05-29 12:36:21,122 epoch 9 - iter 2240/2802 - loss 0.00041441 - time (sec): 238.31 - samples/sec: 484.49 - lr: 0.000003 - momentum: 0.000000
2024-05-29 12:36:50,931 epoch 9 - iter 2520/2802 - loss 0.00049045 - time (sec): 268.12 - samples/sec: 486.82 - lr: 0.000003 - momentum: 0.000000
2024-05-29 12:37:20,666 epoch 9 - iter 2800/2802 - loss 0.00044587 - time (sec): 297.85 - samples/sec: 487.04 - lr: 0.000003 - momentum: 0.000000
2024-05-29 12:37:20,855 ----------------------------------------------------------------------------------------------------
2024-05-29 12:37:20,856 EPOCH 9 done: loss 0.0004 - lr: 0.000003
2024-05-29 12:37:21,514 DEV : loss 0.014114566147327423 - f1-score (micro avg)  0.5185
2024-05-29 12:37:21,536 ----------------------------------------------------------------------------------------------------
2024-05-29 12:37:51,228 epoch 10 - iter 280/2802 - loss 0.00093062 - time (sec): 29.69 - samples/sec: 491.47 - lr: 0.000003 - momentum: 0.000000
2024-05-29 12:38:20,889 epoch 10 - iter 560/2802 - loss 0.00116806 - time (sec): 59.35 - samples/sec: 482.05 - lr: 0.000003 - momentum: 0.000000
2024-05-29 12:38:50,719 epoch 10 - iter 840/2802 - loss 0.00100608 - time (sec): 89.18 - samples/sec: 482.27 - lr: 0.000003 - momentum: 0.000000
2024-05-29 12:39:20,405 epoch 10 - iter 1120/2802 - loss 0.00132899 - time (sec): 118.87 - samples/sec: 483.24 - lr: 0.000003 - momentum: 0.000000
2024-05-29 12:39:50,223 epoch 10 - iter 1400/2802 - loss 0.00118764 - time (sec): 148.69 - samples/sec: 488.19 - lr: 0.000003 - momentum: 0.000000
2024-05-29 12:40:19,889 epoch 10 - iter 1680/2802 - loss 0.00098984 - time (sec): 178.35 - samples/sec: 488.48 - lr: 0.000003 - momentum: 0.000000
2024-05-29 12:40:49,582 epoch 10 - iter 1960/2802 - loss 0.00089445 - time (sec): 208.04 - samples/sec: 486.11 - lr: 0.000003 - momentum: 0.000000
2024-05-29 12:41:19,289 epoch 10 - iter 2240/2802 - loss 0.00080205 - time (sec): 237.75 - samples/sec: 487.01 - lr: 0.000003 - momentum: 0.000000
2024-05-29 12:41:48,999 epoch 10 - iter 2520/2802 - loss 0.00072569 - time (sec): 267.46 - samples/sec: 487.36 - lr: 0.000003 - momentum: 0.000000
2024-05-29 12:42:18,674 epoch 10 - iter 2800/2802 - loss 0.00069780 - time (sec): 297.14 - samples/sec: 488.13 - lr: 0.000003 - momentum: 0.000000
2024-05-29 12:42:18,862 ----------------------------------------------------------------------------------------------------
2024-05-29 12:42:18,862 EPOCH 10 done: loss 0.0007 - lr: 0.000003
2024-05-29 12:42:19,524 DEV : loss 0.014240821823477745 - f1-score (micro avg)  0.5185
2024-05-29 12:42:19,553 ----------------------------------------------------------------------------------------------------
2024-05-29 12:42:49,358 epoch 11 - iter 280/2802 - loss 0.00055404 - time (sec): 29.80 - samples/sec: 483.53 - lr: 0.000003 - momentum: 0.000000
2024-05-29 12:43:19,049 epoch 11 - iter 560/2802 - loss 0.00028190 - time (sec): 59.49 - samples/sec: 486.73 - lr: 0.000003 - momentum: 0.000000
2024-05-29 12:43:48,739 epoch 11 - iter 840/2802 - loss 0.00018940 - time (sec): 89.19 - samples/sec: 484.40 - lr: 0.000003 - momentum: 0.000000
2024-05-29 12:44:18,625 epoch 11 - iter 1120/2802 - loss 0.00014302 - time (sec): 119.07 - samples/sec: 482.46 - lr: 0.000003 - momentum: 0.000000
2024-05-29 12:44:48,506 epoch 11 - iter 1400/2802 - loss 0.00011513 - time (sec): 148.95 - samples/sec: 486.43 - lr: 0.000003 - momentum: 0.000000
2024-05-29 12:45:18,388 epoch 11 - iter 1680/2802 - loss 0.00009522 - time (sec): 178.83 - samples/sec: 491.57 - lr: 0.000003 - momentum: 0.000000
2024-05-29 12:45:48,182 epoch 11 - iter 1960/2802 - loss 0.00008212 - time (sec): 208.63 - samples/sec: 490.78 - lr: 0.000003 - momentum: 0.000000
2024-05-29 12:46:17,923 epoch 11 - iter 2240/2802 - loss 0.00007229 - time (sec): 238.37 - samples/sec: 488.63 - lr: 0.000003 - momentum: 0.000000
2024-05-29 12:46:47,700 epoch 11 - iter 2520/2802 - loss 0.00006468 - time (sec): 268.15 - samples/sec: 486.15 - lr: 0.000003 - momentum: 0.000000
2024-05-29 12:47:17,441 epoch 11 - iter 2800/2802 - loss 0.00012205 - time (sec): 297.89 - samples/sec: 486.73 - lr: 0.000003 - momentum: 0.000000
2024-05-29 12:47:17,631 ----------------------------------------------------------------------------------------------------
2024-05-29 12:47:17,631 EPOCH 11 done: loss 0.0001 - lr: 0.000003
2024-05-29 12:47:18,358 DEV : loss 0.01440056785941124 - f1-score (micro avg)  0.5185
2024-05-29 12:47:18,386 ----------------------------------------------------------------------------------------------------
2024-05-29 12:47:48,160 epoch 12 - iter 280/2802 - loss 0.00007640 - time (sec): 29.77 - samples/sec: 501.87 - lr: 0.000002 - momentum: 0.000000
2024-05-29 12:48:17,841 epoch 12 - iter 560/2802 - loss 0.00003976 - time (sec): 59.45 - samples/sec: 488.36 - lr: 0.000002 - momentum: 0.000000
2024-05-29 12:48:47,600 epoch 12 - iter 840/2802 - loss 0.00005910 - time (sec): 89.21 - samples/sec: 492.93 - lr: 0.000002 - momentum: 0.000000
2024-05-29 12:49:17,268 epoch 12 - iter 1120/2802 - loss 0.00004464 - time (sec): 118.88 - samples/sec: 492.43 - lr: 0.000002 - momentum: 0.000000
2024-05-29 12:49:47,013 epoch 12 - iter 1400/2802 - loss 0.00015517 - time (sec): 148.63 - samples/sec: 492.36 - lr: 0.000002 - momentum: 0.000000
2024-05-29 12:50:16,700 epoch 12 - iter 1680/2802 - loss 0.00012966 - time (sec): 178.31 - samples/sec: 491.78 - lr: 0.000002 - momentum: 0.000000
2024-05-29 12:50:46,404 epoch 12 - iter 1960/2802 - loss 0.00011206 - time (sec): 208.02 - samples/sec: 488.45 - lr: 0.000002 - momentum: 0.000000
2024-05-29 12:51:16,146 epoch 12 - iter 2240/2802 - loss 0.00009828 - time (sec): 237.76 - samples/sec: 488.97 - lr: 0.000002 - momentum: 0.000000
2024-05-29 12:51:45,908 epoch 12 - iter 2520/2802 - loss 0.00008761 - time (sec): 267.52 - samples/sec: 487.89 - lr: 0.000002 - momentum: 0.000000
2024-05-29 12:52:15,654 epoch 12 - iter 2800/2802 - loss 0.00007891 - time (sec): 297.27 - samples/sec: 487.89 - lr: 0.000002 - momentum: 0.000000
2024-05-29 12:52:15,845 ----------------------------------------------------------------------------------------------------
2024-05-29 12:52:15,845 EPOCH 12 done: loss 0.0001 - lr: 0.000002
2024-05-29 12:52:16,489 DEV : loss 0.01459088921546936 - f1-score (micro avg)  0.5185
2024-05-29 12:52:16,525 ----------------------------------------------------------------------------------------------------
2024-05-29 12:52:46,270 epoch 13 - iter 280/2802 - loss 0.00000215 - time (sec): 29.74 - samples/sec: 503.98 - lr: 0.000002 - momentum: 0.000000
2024-05-29 12:53:15,952 epoch 13 - iter 560/2802 - loss 0.00035201 - time (sec): 59.43 - samples/sec: 484.03 - lr: 0.000002 - momentum: 0.000000
2024-05-29 12:53:45,720 epoch 13 - iter 840/2802 - loss 0.00023392 - time (sec): 89.19 - samples/sec: 486.04 - lr: 0.000002 - momentum: 0.000000
2024-05-29 12:54:15,498 epoch 13 - iter 1120/2802 - loss 0.00017682 - time (sec): 118.97 - samples/sec: 482.51 - lr: 0.000002 - momentum: 0.000000
2024-05-29 12:54:45,626 epoch 13 - iter 1400/2802 - loss 0.00014121 - time (sec): 149.10 - samples/sec: 483.10 - lr: 0.000002 - momentum: 0.000000
2024-05-29 12:55:15,407 epoch 13 - iter 1680/2802 - loss 0.00011791 - time (sec): 178.88 - samples/sec: 482.62 - lr: 0.000002 - momentum: 0.000000
2024-05-29 12:55:45,339 epoch 13 - iter 1960/2802 - loss 0.00010080 - time (sec): 208.81 - samples/sec: 484.12 - lr: 0.000002 - momentum: 0.000000
2024-05-29 12:56:15,109 epoch 13 - iter 2240/2802 - loss 0.00008800 - time (sec): 238.58 - samples/sec: 485.98 - lr: 0.000002 - momentum: 0.000000
2024-05-29 12:56:44,897 epoch 13 - iter 2520/2802 - loss 0.00007820 - time (sec): 268.37 - samples/sec: 487.02 - lr: 0.000002 - momentum: 0.000000
2024-05-29 12:57:14,649 epoch 13 - iter 2800/2802 - loss 0.00007055 - time (sec): 298.12 - samples/sec: 486.49 - lr: 0.000002 - momentum: 0.000000
2024-05-29 12:57:14,838 ----------------------------------------------------------------------------------------------------
2024-05-29 12:57:14,838 EPOCH 13 done: loss 0.0001 - lr: 0.000002
2024-05-29 12:57:15,497 DEV : loss 0.01481720618903637 - f1-score (micro avg)  0.5185
2024-05-29 12:57:15,526 ----------------------------------------------------------------------------------------------------
2024-05-29 12:57:45,252 epoch 14 - iter 280/2802 - loss 0.00000057 - time (sec): 29.72 - samples/sec: 483.38 - lr: 0.000002 - momentum: 0.000000
2024-05-29 12:58:14,943 epoch 14 - iter 560/2802 - loss 0.00000052 - time (sec): 59.42 - samples/sec: 485.32 - lr: 0.000002 - momentum: 0.000000
2024-05-29 12:58:44,686 epoch 14 - iter 840/2802 - loss 0.00000084 - time (sec): 89.16 - samples/sec: 484.66 - lr: 0.000002 - momentum: 0.000000
2024-05-29 12:59:14,486 epoch 14 - iter 1120/2802 - loss 0.00000076 - time (sec): 118.96 - samples/sec: 487.98 - lr: 0.000002 - momentum: 0.000000
2024-05-29 12:59:44,233 epoch 14 - iter 1400/2802 - loss 0.00000090 - time (sec): 148.71 - samples/sec: 490.73 - lr: 0.000002 - momentum: 0.000000
2024-05-29 13:00:13,934 epoch 14 - iter 1680/2802 - loss 0.00000848 - time (sec): 178.41 - samples/sec: 487.98 - lr: 0.000002 - momentum: 0.000000
2024-05-29 13:00:43,667 epoch 14 - iter 1960/2802 - loss 0.00007872 - time (sec): 208.14 - samples/sec: 487.83 - lr: 0.000002 - momentum: 0.000000
2024-05-29 13:01:13,389 epoch 14 - iter 2240/2802 - loss 0.00006894 - time (sec): 237.86 - samples/sec: 487.87 - lr: 0.000002 - momentum: 0.000000
2024-05-29 13:01:44,540 epoch 14 - iter 2520/2802 - loss 0.00006136 - time (sec): 269.01 - samples/sec: 484.95 - lr: 0.000002 - momentum: 0.000000
2024-05-29 13:02:14,271 epoch 14 - iter 2800/2802 - loss 0.00005522 - time (sec): 298.74 - samples/sec: 485.51 - lr: 0.000002 - momentum: 0.000000
2024-05-29 13:02:14,460 ----------------------------------------------------------------------------------------------------
2024-05-29 13:02:14,460 EPOCH 14 done: loss 0.0001 - lr: 0.000002
2024-05-29 13:02:15,143 DEV : loss 0.015065837651491165 - f1-score (micro avg)  0.5185
2024-05-29 13:02:15,165 ----------------------------------------------------------------------------------------------------
2024-05-29 13:02:44,877 epoch 15 - iter 280/2802 - loss 0.00000030 - time (sec): 29.71 - samples/sec: 491.41 - lr: 0.000002 - momentum: 0.000000
2024-05-29 13:03:14,675 epoch 15 - iter 560/2802 - loss 0.00000159 - time (sec): 59.51 - samples/sec: 504.21 - lr: 0.000002 - momentum: 0.000000
2024-05-29 13:03:44,372 epoch 15 - iter 840/2802 - loss 0.00000119 - time (sec): 89.21 - samples/sec: 499.56 - lr: 0.000002 - momentum: 0.000000
2024-05-29 13:04:14,518 epoch 15 - iter 1120/2802 - loss 0.00000100 - time (sec): 119.35 - samples/sec: 492.68 - lr: 0.000002 - momentum: 0.000000
2024-05-29 13:04:44,238 epoch 15 - iter 1400/2802 - loss 0.00000087 - time (sec): 149.07 - samples/sec: 489.63 - lr: 0.000002 - momentum: 0.000000
2024-05-29 13:05:14,015 epoch 15 - iter 1680/2802 - loss 0.00017784 - time (sec): 178.85 - samples/sec: 491.26 - lr: 0.000002 - momentum: 0.000000
2024-05-29 13:05:44,310 epoch 15 - iter 1960/2802 - loss 0.00015253 - time (sec): 209.14 - samples/sec: 489.96 - lr: 0.000001 - momentum: 0.000000
2024-05-29 13:06:14,063 epoch 15 - iter 2240/2802 - loss 0.00013407 - time (sec): 238.90 - samples/sec: 488.11 - lr: 0.000001 - momentum: 0.000000
2024-05-29 13:06:43,920 epoch 15 - iter 2520/2802 - loss 0.00017544 - time (sec): 268.75 - samples/sec: 485.15 - lr: 0.000001 - momentum: 0.000000
2024-05-29 13:07:13,636 epoch 15 - iter 2800/2802 - loss 0.00015778 - time (sec): 298.47 - samples/sec: 485.86 - lr: 0.000001 - momentum: 0.000000
2024-05-29 13:07:13,826 ----------------------------------------------------------------------------------------------------
2024-05-29 13:07:13,827 EPOCH 15 done: loss 0.0002 - lr: 0.000001
2024-05-29 13:07:14,495 DEV : loss 0.01528257317841053 - f1-score (micro avg)  0.5185
2024-05-29 13:07:14,521 ----------------------------------------------------------------------------------------------------
2024-05-29 13:07:44,268 epoch 16 - iter 280/2802 - loss 0.00000025 - time (sec): 29.75 - samples/sec: 484.14 - lr: 0.000001 - momentum: 0.000000
2024-05-29 13:08:14,031 epoch 16 - iter 560/2802 - loss 0.00000031 - time (sec): 59.51 - samples/sec: 498.56 - lr: 0.000001 - momentum: 0.000000
2024-05-29 13:08:43,792 epoch 16 - iter 840/2802 - loss 0.00000030 - time (sec): 89.27 - samples/sec: 501.73 - lr: 0.000001 - momentum: 0.000000
2024-05-29 13:09:13,582 epoch 16 - iter 1120/2802 - loss 0.00000028 - time (sec): 119.06 - samples/sec: 499.78 - lr: 0.000001 - momentum: 0.000000
2024-05-29 13:09:43,369 epoch 16 - iter 1400/2802 - loss 0.00000074 - time (sec): 148.85 - samples/sec: 500.41 - lr: 0.000001 - momentum: 0.000000
2024-05-29 13:10:13,116 epoch 16 - iter 1680/2802 - loss 0.00006142 - time (sec): 178.59 - samples/sec: 499.35 - lr: 0.000001 - momentum: 0.000000
2024-05-29 13:10:42,867 epoch 16 - iter 1960/2802 - loss 0.00005283 - time (sec): 208.34 - samples/sec: 498.00 - lr: 0.000001 - momentum: 0.000000
2024-05-29 13:11:12,613 epoch 16 - iter 2240/2802 - loss 0.00004680 - time (sec): 238.09 - samples/sec: 492.30 - lr: 0.000001 - momentum: 0.000000
2024-05-29 13:11:42,348 epoch 16 - iter 2520/2802 - loss 0.00004186 - time (sec): 267.83 - samples/sec: 489.94 - lr: 0.000001 - momentum: 0.000000
2024-05-29 13:12:12,073 epoch 16 - iter 2800/2802 - loss 0.00003790 - time (sec): 297.55 - samples/sec: 487.41 - lr: 0.000001 - momentum: 0.000000
2024-05-29 13:12:12,263 ----------------------------------------------------------------------------------------------------
2024-05-29 13:12:12,263 EPOCH 16 done: loss 0.0000 - lr: 0.000001
2024-05-29 13:12:12,921 DEV : loss 0.015459796413779259 - f1-score (micro avg)  0.5185
2024-05-29 13:12:12,951 ----------------------------------------------------------------------------------------------------
2024-05-29 13:12:42,769 epoch 17 - iter 280/2802 - loss 0.00000033 - time (sec): 29.82 - samples/sec: 469.68 - lr: 0.000001 - momentum: 0.000000
2024-05-29 13:13:12,529 epoch 17 - iter 560/2802 - loss 0.00000038 - time (sec): 59.58 - samples/sec: 470.99 - lr: 0.000001 - momentum: 0.000000
2024-05-29 13:13:42,255 epoch 17 - iter 840/2802 - loss 0.00000041 - time (sec): 89.30 - samples/sec: 468.05 - lr: 0.000001 - momentum: 0.000000
2024-05-29 13:14:14,437 epoch 17 - iter 1120/2802 - loss 0.00000038 - time (sec): 121.48 - samples/sec: 465.47 - lr: 0.000001 - momentum: 0.000000
2024-05-29 13:14:44,222 epoch 17 - iter 1400/2802 - loss 0.00000034 - time (sec): 151.27 - samples/sec: 475.57 - lr: 0.000001 - momentum: 0.000000
2024-05-29 13:15:13,993 epoch 17 - iter 1680/2802 - loss 0.00000032 - time (sec): 181.04 - samples/sec: 474.97 - lr: 0.000001 - momentum: 0.000000
2024-05-29 13:15:43,738 epoch 17 - iter 1960/2802 - loss 0.00000036 - time (sec): 210.79 - samples/sec: 480.36 - lr: 0.000001 - momentum: 0.000000
2024-05-29 13:16:14,240 epoch 17 - iter 2240/2802 - loss 0.00000035 - time (sec): 241.29 - samples/sec: 478.98 - lr: 0.000001 - momentum: 0.000000
2024-05-29 13:16:44,099 epoch 17 - iter 2520/2802 - loss 0.00000033 - time (sec): 271.15 - samples/sec: 480.72 - lr: 0.000001 - momentum: 0.000000
2024-05-29 13:17:16,091 epoch 17 - iter 2800/2802 - loss 0.00000031 - time (sec): 303.14 - samples/sec: 478.58 - lr: 0.000001 - momentum: 0.000000
2024-05-29 13:17:16,282 ----------------------------------------------------------------------------------------------------
2024-05-29 13:17:16,282 EPOCH 17 done: loss 0.0000 - lr: 0.000001
2024-05-29 13:17:16,951 DEV : loss 0.015607114881277084 - f1-score (micro avg)  0.5185
2024-05-29 13:17:16,986 ----------------------------------------------------------------------------------------------------
2024-05-29 13:17:46,731 epoch 18 - iter 280/2802 - loss 0.00000021 - time (sec): 29.74 - samples/sec: 504.44 - lr: 0.000001 - momentum: 0.000000
2024-05-29 13:18:16,539 epoch 18 - iter 560/2802 - loss 0.00000019 - time (sec): 59.55 - samples/sec: 493.98 - lr: 0.000001 - momentum: 0.000000
2024-05-29 13:18:46,339 epoch 18 - iter 840/2802 - loss 0.00001044 - time (sec): 89.35 - samples/sec: 501.49 - lr: 0.000001 - momentum: 0.000000
2024-05-29 13:19:16,168 epoch 18 - iter 1120/2802 - loss 0.00012727 - time (sec): 119.18 - samples/sec: 494.64 - lr: 0.000001 - momentum: 0.000000
2024-05-29 13:19:45,947 epoch 18 - iter 1400/2802 - loss 0.00010274 - time (sec): 148.96 - samples/sec: 490.43 - lr: 0.000001 - momentum: 0.000000
2024-05-29 13:20:15,730 epoch 18 - iter 1680/2802 - loss 0.00008612 - time (sec): 178.74 - samples/sec: 488.40 - lr: 0.000001 - momentum: 0.000000
2024-05-29 13:20:45,439 epoch 18 - iter 1960/2802 - loss 0.00007385 - time (sec): 208.45 - samples/sec: 488.73 - lr: 0.000001 - momentum: 0.000000
2024-05-29 13:21:15,143 epoch 18 - iter 2240/2802 - loss 0.00006483 - time (sec): 238.15 - samples/sec: 487.38 - lr: 0.000001 - momentum: 0.000000
2024-05-29 13:21:44,930 epoch 18 - iter 2520/2802 - loss 0.00005752 - time (sec): 267.94 - samples/sec: 488.41 - lr: 0.000001 - momentum: 0.000000
2024-05-29 13:22:14,660 epoch 18 - iter 2800/2802 - loss 0.00005190 - time (sec): 297.67 - samples/sec: 487.43 - lr: 0.000001 - momentum: 0.000000
2024-05-29 13:22:14,848 ----------------------------------------------------------------------------------------------------
2024-05-29 13:22:14,849 EPOCH 18 done: loss 0.0001 - lr: 0.000001
2024-05-29 13:22:15,509 DEV : loss 0.015711352229118347 - f1-score (micro avg)  0.5185
2024-05-29 13:22:15,542 ----------------------------------------------------------------------------------------------------
2024-05-29 13:22:47,614 epoch 19 - iter 280/2802 - loss 0.00000017 - time (sec): 32.07 - samples/sec: 451.22 - lr: 0.000001 - momentum: 0.000000
2024-05-29 13:23:17,764 epoch 19 - iter 560/2802 - loss 0.00000019 - time (sec): 62.22 - samples/sec: 458.72 - lr: 0.000001 - momentum: 0.000000
2024-05-29 13:23:47,483 epoch 19 - iter 840/2802 - loss 0.00000017 - time (sec): 91.94 - samples/sec: 468.56 - lr: 0.000000 - momentum: 0.000000
2024-05-29 13:24:18,105 epoch 19 - iter 1120/2802 - loss 0.00000018 - time (sec): 122.56 - samples/sec: 471.43 - lr: 0.000000 - momentum: 0.000000
2024-05-29 13:24:47,724 epoch 19 - iter 1400/2802 - loss 0.00000019 - time (sec): 152.18 - samples/sec: 473.61 - lr: 0.000000 - momentum: 0.000000
2024-05-29 13:25:17,981 epoch 19 - iter 1680/2802 - loss 0.00000019 - time (sec): 182.44 - samples/sec: 473.75 - lr: 0.000000 - momentum: 0.000000
2024-05-29 13:25:47,675 epoch 19 - iter 1960/2802 - loss 0.00000018 - time (sec): 212.13 - samples/sec: 475.18 - lr: 0.000000 - momentum: 0.000000
2024-05-29 13:26:17,877 epoch 19 - iter 2240/2802 - loss 0.00000019 - time (sec): 242.33 - samples/sec: 477.26 - lr: 0.000000 - momentum: 0.000000
2024-05-29 13:26:47,732 epoch 19 - iter 2520/2802 - loss 0.00000019 - time (sec): 272.19 - samples/sec: 479.38 - lr: 0.000000 - momentum: 0.000000
2024-05-29 13:27:17,633 epoch 19 - iter 2800/2802 - loss 0.00000019 - time (sec): 302.09 - samples/sec: 479.99 - lr: 0.000000 - momentum: 0.000000
2024-05-29 13:27:17,825 ----------------------------------------------------------------------------------------------------
2024-05-29 13:27:17,825 EPOCH 19 done: loss 0.0000 - lr: 0.000000
2024-05-29 13:27:18,482 DEV : loss 0.015799131244421005 - f1-score (micro avg)  0.5185
2024-05-29 13:27:18,510 ----------------------------------------------------------------------------------------------------
2024-05-29 13:27:48,214 epoch 20 - iter 280/2802 - loss 0.00000013 - time (sec): 29.70 - samples/sec: 491.06 - lr: 0.000000 - momentum: 0.000000
2024-05-29 13:28:18,424 epoch 20 - iter 560/2802 - loss 0.00000019 - time (sec): 59.91 - samples/sec: 476.59 - lr: 0.000000 - momentum: 0.000000
2024-05-29 13:28:48,127 epoch 20 - iter 840/2802 - loss 0.00000018 - time (sec): 89.62 - samples/sec: 480.37 - lr: 0.000000 - momentum: 0.000000
2024-05-29 13:29:17,869 epoch 20 - iter 1120/2802 - loss 0.00000018 - time (sec): 119.36 - samples/sec: 477.31 - lr: 0.000000 - momentum: 0.000000
2024-05-29 13:29:47,648 epoch 20 - iter 1400/2802 - loss 0.00000022 - time (sec): 149.14 - samples/sec: 480.84 - lr: 0.000000 - momentum: 0.000000
2024-05-29 13:30:17,446 epoch 20 - iter 1680/2802 - loss 0.00000020 - time (sec): 178.93 - samples/sec: 486.28 - lr: 0.000000 - momentum: 0.000000
2024-05-29 13:30:47,205 epoch 20 - iter 1960/2802 - loss 0.00000021 - time (sec): 208.69 - samples/sec: 484.97 - lr: 0.000000 - momentum: 0.000000
2024-05-29 13:31:17,052 epoch 20 - iter 2240/2802 - loss 0.00000020 - time (sec): 238.54 - samples/sec: 486.06 - lr: 0.000000 - momentum: 0.000000
2024-05-29 13:31:46,773 epoch 20 - iter 2520/2802 - loss 0.00000020 - time (sec): 268.26 - samples/sec: 486.68 - lr: 0.000000 - momentum: 0.000000
2024-05-29 13:32:16,562 epoch 20 - iter 2800/2802 - loss 0.00000020 - time (sec): 298.05 - samples/sec: 486.63 - lr: 0.000000 - momentum: 0.000000
2024-05-29 13:32:16,752 ----------------------------------------------------------------------------------------------------
2024-05-29 13:32:16,753 EPOCH 20 done: loss 0.0000 - lr: 0.000000
2024-05-29 13:32:17,410 DEV : loss 0.015835219994187355 - f1-score (micro avg)  0.5185
2024-05-29 13:32:18,700 ----------------------------------------------------------------------------------------------------
2024-05-29 13:32:18,701 Testing using last state of model ...
2024-05-29 13:32:23,406 
Results:
- F-score (micro) 0.8864
- F-score (macro) 0.8864
- Accuracy 0.7959

By class:
              precision    recall  f1-score   support

         LOC     0.9176    0.8571    0.8864        91

   micro avg     0.9176    0.8571    0.8864        91
   macro avg     0.9176    0.8571    0.8864        91
weighted avg     0.9176    0.8571    0.8864        91

2024-05-29 13:32:23,406 ----------------------------------------------------------------------------------------------------
