2024-05-29 23:09:19,152 ----------------------------------------------------------------------------------------------------
2024-05-29 23:09:19,155 Model: "SequenceTagger(
  (embeddings): TransformerWordEmbeddings(
    (model): XLMRobertaModel(
      (embeddings): XLMRobertaEmbeddings(
        (word_embeddings): Embedding(250003, 1024)
        (position_embeddings): Embedding(514, 1024, padding_idx=1)
        (token_type_embeddings): Embedding(1, 1024)
        (LayerNorm): LayerNorm((1024,), eps=1e-05, elementwise_affine=True)
        (dropout): Dropout(p=0.1, inplace=False)
      )
      (encoder): XLMRobertaEncoder(
        (layer): ModuleList(
          (0-23): 24 x XLMRobertaLayer(
            (attention): XLMRobertaAttention(
              (self): XLMRobertaSelfAttention(
                (query): Linear(in_features=1024, out_features=1024, bias=True)
                (key): Linear(in_features=1024, out_features=1024, bias=True)
                (value): Linear(in_features=1024, out_features=1024, bias=True)
                (dropout): Dropout(p=0.1, inplace=False)
              )
              (output): XLMRobertaSelfOutput(
                (dense): Linear(in_features=1024, out_features=1024, bias=True)
                (LayerNorm): LayerNorm((1024,), eps=1e-05, elementwise_affine=True)
                (dropout): Dropout(p=0.1, inplace=False)
              )
            )
            (intermediate): XLMRobertaIntermediate(
              (dense): Linear(in_features=1024, out_features=4096, bias=True)
              (intermediate_act_fn): GELUActivation()
            )
            (output): XLMRobertaOutput(
              (dense): Linear(in_features=4096, out_features=1024, bias=True)
              (LayerNorm): LayerNorm((1024,), eps=1e-05, elementwise_affine=True)
              (dropout): Dropout(p=0.1, inplace=False)
            )
          )
        )
      )
      (pooler): XLMRobertaPooler(
        (dense): Linear(in_features=1024, out_features=1024, bias=True)
        (activation): Tanh()
      )
    )
  )
  (locked_dropout): LockedDropout(p=0.5)
  (linear): Linear(in_features=1024, out_features=5, bias=True)
  (loss_function): CrossEntropyLoss()
)"
2024-05-29 23:09:19,155 ----------------------------------------------------------------------------------------------------
2024-05-29 23:09:19,155 Corpus: 11207 train + 1087 dev + 1022 test sentences
2024-05-29 23:09:19,156 ----------------------------------------------------------------------------------------------------
2024-05-29 23:09:19,156 Train:  11207 sentences
2024-05-29 23:09:19,156         (train_with_dev=False, train_with_test=False)
2024-05-29 23:09:19,156 ----------------------------------------------------------------------------------------------------
2024-05-29 23:09:19,157 Training Params:
2024-05-29 23:09:19,157  - learning_rate: "5e-06" 
2024-05-29 23:09:19,157  - mini_batch_size: "4"
2024-05-29 23:09:19,157  - max_epochs: "20"
2024-05-29 23:09:19,158  - shuffle: "True"
2024-05-29 23:09:19,158 ----------------------------------------------------------------------------------------------------
2024-05-29 23:09:19,158 Plugins:
2024-05-29 23:09:19,158  - LinearScheduler | warmup_fraction: '0.1'
2024-05-29 23:09:19,158 ----------------------------------------------------------------------------------------------------
2024-05-29 23:09:19,159 Final evaluation on model after last epoch (final-model.pt)
2024-05-29 23:09:19,159  - metric: "('micro avg', 'f1-score')"
2024-05-29 23:09:19,159 ----------------------------------------------------------------------------------------------------
2024-05-29 23:09:19,159 Computation:
2024-05-29 23:09:19,159  - compute on device: cuda:0
2024-05-29 23:09:19,160  - embedding storage: gpu
2024-05-29 23:09:19,160 ----------------------------------------------------------------------------------------------------
2024-05-29 23:09:19,160 Model training base path: "ner_bertSpanish_fineTuning2"
2024-05-29 23:09:19,160 ----------------------------------------------------------------------------------------------------
2024-05-29 23:09:19,161 ----------------------------------------------------------------------------------------------------
2024-05-29 23:10:45,157 epoch 1 - iter 280/2802 - loss 1.87175112 - time (sec): 85.99 - samples/sec: 173.08 - lr: 0.000000 - momentum: 0.000000
2024-05-29 23:12:08,384 epoch 1 - iter 560/2802 - loss 1.28480480 - time (sec): 169.22 - samples/sec: 175.17 - lr: 0.000000 - momentum: 0.000000
2024-05-29 23:13:31,096 epoch 1 - iter 840/2802 - loss 0.87101778 - time (sec): 251.93 - samples/sec: 176.96 - lr: 0.000001 - momentum: 0.000000
2024-05-29 23:14:53,606 epoch 1 - iter 1120/2802 - loss 0.67197124 - time (sec): 334.44 - samples/sec: 175.71 - lr: 0.000001 - momentum: 0.000000
2024-05-29 23:16:16,285 epoch 1 - iter 1400/2802 - loss 0.54936624 - time (sec): 417.12 - samples/sec: 175.55 - lr: 0.000001 - momentum: 0.000000
2024-05-29 23:17:39,264 epoch 1 - iter 1680/2802 - loss 0.46446355 - time (sec): 500.10 - samples/sec: 175.11 - lr: 0.000001 - momentum: 0.000000
2024-05-29 23:19:01,972 epoch 1 - iter 1960/2802 - loss 0.40368435 - time (sec): 582.81 - samples/sec: 173.76 - lr: 0.000002 - momentum: 0.000000
2024-05-29 23:20:24,514 epoch 1 - iter 2240/2802 - loss 0.35419082 - time (sec): 665.35 - samples/sec: 174.70 - lr: 0.000002 - momentum: 0.000000
2024-05-29 23:21:47,179 epoch 1 - iter 2520/2802 - loss 0.31739144 - time (sec): 748.02 - samples/sec: 174.61 - lr: 0.000002 - momentum: 0.000000
2024-05-29 23:23:10,056 epoch 1 - iter 2800/2802 - loss 0.28803054 - time (sec): 830.89 - samples/sec: 174.54 - lr: 0.000002 - momentum: 0.000000
2024-05-29 23:23:10,590 ----------------------------------------------------------------------------------------------------
2024-05-29 23:23:10,590 EPOCH 1 done: loss 0.2878 - lr: 0.000002
2024-05-29 23:23:27,464 DEV : loss 0.014824748039245605 - f1-score (micro avg)  0.5366
2024-05-29 23:23:27,950 ----------------------------------------------------------------------------------------------------
2024-05-29 23:24:50,950 epoch 2 - iter 280/2802 - loss 0.01113752 - time (sec): 83.00 - samples/sec: 182.78 - lr: 0.000003 - momentum: 0.000000
2024-05-29 23:26:14,335 epoch 2 - iter 560/2802 - loss 0.01825737 - time (sec): 166.38 - samples/sec: 175.67 - lr: 0.000003 - momentum: 0.000000
2024-05-29 23:27:37,362 epoch 2 - iter 840/2802 - loss 0.01636455 - time (sec): 249.41 - samples/sec: 174.97 - lr: 0.000003 - momentum: 0.000000
2024-05-29 23:29:00,771 epoch 2 - iter 1120/2802 - loss 0.01495152 - time (sec): 332.82 - samples/sec: 177.97 - lr: 0.000003 - momentum: 0.000000
2024-05-29 23:30:24,049 epoch 2 - iter 1400/2802 - loss 0.01505542 - time (sec): 416.10 - samples/sec: 176.42 - lr: 0.000004 - momentum: 0.000000
2024-05-29 23:31:46,951 epoch 2 - iter 1680/2802 - loss 0.01365498 - time (sec): 499.00 - samples/sec: 175.60 - lr: 0.000004 - momentum: 0.000000
2024-05-29 23:33:10,014 epoch 2 - iter 1960/2802 - loss 0.01366354 - time (sec): 582.06 - samples/sec: 174.83 - lr: 0.000004 - momentum: 0.000000
2024-05-29 23:34:33,083 epoch 2 - iter 2240/2802 - loss 0.01408491 - time (sec): 665.13 - samples/sec: 174.94 - lr: 0.000004 - momentum: 0.000000
2024-05-29 23:35:56,417 epoch 2 - iter 2520/2802 - loss 0.01425353 - time (sec): 748.46 - samples/sec: 174.86 - lr: 0.000005 - momentum: 0.000000
2024-05-29 23:37:19,512 epoch 2 - iter 2800/2802 - loss 0.01442607 - time (sec): 831.56 - samples/sec: 174.43 - lr: 0.000005 - momentum: 0.000000
2024-05-29 23:37:20,045 ----------------------------------------------------------------------------------------------------
2024-05-29 23:37:20,046 EPOCH 2 done: loss 0.0144 - lr: 0.000005
2024-05-29 23:37:20,768 DEV : loss 0.015050334855914116 - f1-score (micro avg)  0.5366
2024-05-29 23:37:20,795 ----------------------------------------------------------------------------------------------------
2024-05-29 23:38:43,847 epoch 3 - iter 280/2802 - loss 0.00514926 - time (sec): 83.05 - samples/sec: 174.64 - lr: 0.000005 - momentum: 0.000000
2024-05-29 23:40:07,255 epoch 3 - iter 560/2802 - loss 0.00794850 - time (sec): 166.46 - samples/sec: 173.80 - lr: 0.000005 - momentum: 0.000000
2024-05-29 23:41:30,575 epoch 3 - iter 840/2802 - loss 0.00665035 - time (sec): 249.78 - samples/sec: 177.04 - lr: 0.000005 - momentum: 0.000000
2024-05-29 23:42:53,716 epoch 3 - iter 1120/2802 - loss 0.00693499 - time (sec): 332.92 - samples/sec: 175.35 - lr: 0.000005 - momentum: 0.000000
2024-05-29 23:44:16,641 epoch 3 - iter 1400/2802 - loss 0.00739049 - time (sec): 415.84 - samples/sec: 174.62 - lr: 0.000005 - momentum: 0.000000
2024-05-29 23:45:39,777 epoch 3 - iter 1680/2802 - loss 0.00746736 - time (sec): 498.98 - samples/sec: 174.13 - lr: 0.000005 - momentum: 0.000000
2024-05-29 23:47:02,835 epoch 3 - iter 1960/2802 - loss 0.00852195 - time (sec): 582.04 - samples/sec: 174.91 - lr: 0.000005 - momentum: 0.000000
2024-05-29 23:48:26,921 epoch 3 - iter 2240/2802 - loss 0.00861689 - time (sec): 666.12 - samples/sec: 175.07 - lr: 0.000005 - momentum: 0.000000
2024-05-29 23:49:50,889 epoch 3 - iter 2520/2802 - loss 0.00858167 - time (sec): 750.09 - samples/sec: 174.69 - lr: 0.000005 - momentum: 0.000000
2024-05-29 23:51:13,911 epoch 3 - iter 2800/2802 - loss 0.00843987 - time (sec): 833.11 - samples/sec: 174.03 - lr: 0.000005 - momentum: 0.000000
2024-05-29 23:51:14,447 ----------------------------------------------------------------------------------------------------
2024-05-29 23:51:14,447 EPOCH 3 done: loss 0.0084 - lr: 0.000005
2024-05-29 23:51:15,162 DEV : loss 0.015210236422717571 - f1-score (micro avg)  0.5366
2024-05-29 23:51:15,194 ----------------------------------------------------------------------------------------------------
2024-05-29 23:52:38,295 epoch 4 - iter 280/2802 - loss 0.00500877 - time (sec): 83.10 - samples/sec: 165.79 - lr: 0.000005 - momentum: 0.000000
2024-05-29 23:54:01,675 epoch 4 - iter 560/2802 - loss 0.00700909 - time (sec): 166.48 - samples/sec: 171.36 - lr: 0.000005 - momentum: 0.000000
2024-05-29 23:55:24,817 epoch 4 - iter 840/2802 - loss 0.00808622 - time (sec): 249.62 - samples/sec: 171.19 - lr: 0.000005 - momentum: 0.000000
2024-05-29 23:56:48,032 epoch 4 - iter 1120/2802 - loss 0.00694279 - time (sec): 332.84 - samples/sec: 173.43 - lr: 0.000005 - momentum: 0.000000
2024-05-29 23:58:11,190 epoch 4 - iter 1400/2802 - loss 0.00771171 - time (sec): 415.99 - samples/sec: 174.11 - lr: 0.000005 - momentum: 0.000000
2024-05-29 23:59:34,353 epoch 4 - iter 1680/2802 - loss 0.00671715 - time (sec): 499.16 - samples/sec: 174.95 - lr: 0.000005 - momentum: 0.000000
2024-05-30 00:00:57,413 epoch 4 - iter 1960/2802 - loss 0.00718170 - time (sec): 582.22 - samples/sec: 173.73 - lr: 0.000005 - momentum: 0.000000
2024-05-30 00:02:20,555 epoch 4 - iter 2240/2802 - loss 0.00662677 - time (sec): 665.36 - samples/sec: 174.09 - lr: 0.000005 - momentum: 0.000000
2024-05-30 00:03:43,961 epoch 4 - iter 2520/2802 - loss 0.00614631 - time (sec): 748.76 - samples/sec: 173.79 - lr: 0.000004 - momentum: 0.000000
2024-05-30 00:05:07,352 epoch 4 - iter 2800/2802 - loss 0.00626326 - time (sec): 832.16 - samples/sec: 174.27 - lr: 0.000004 - momentum: 0.000000
2024-05-30 00:05:07,892 ----------------------------------------------------------------------------------------------------
2024-05-30 00:05:07,893 EPOCH 4 done: loss 0.0063 - lr: 0.000004
2024-05-30 00:05:08,629 DEV : loss 0.015273327007889748 - f1-score (micro avg)  0.5366
2024-05-30 00:05:08,669 ----------------------------------------------------------------------------------------------------
2024-05-30 00:06:31,724 epoch 5 - iter 280/2802 - loss 0.00425213 - time (sec): 83.05 - samples/sec: 181.40 - lr: 0.000004 - momentum: 0.000000
2024-05-30 00:07:55,093 epoch 5 - iter 560/2802 - loss 0.00477383 - time (sec): 166.42 - samples/sec: 173.70 - lr: 0.000004 - momentum: 0.000000
2024-05-30 00:09:18,277 epoch 5 - iter 840/2802 - loss 0.00495334 - time (sec): 249.60 - samples/sec: 174.49 - lr: 0.000004 - momentum: 0.000000
2024-05-30 00:10:41,471 epoch 5 - iter 1120/2802 - loss 0.00506422 - time (sec): 332.80 - samples/sec: 175.89 - lr: 0.000004 - momentum: 0.000000
2024-05-30 00:12:04,700 epoch 5 - iter 1400/2802 - loss 0.00514533 - time (sec): 416.03 - samples/sec: 175.63 - lr: 0.000004 - momentum: 0.000000
2024-05-30 00:13:28,109 epoch 5 - iter 1680/2802 - loss 0.00540746 - time (sec): 499.44 - samples/sec: 175.73 - lr: 0.000004 - momentum: 0.000000
2024-05-30 00:14:51,263 epoch 5 - iter 1960/2802 - loss 0.00561413 - time (sec): 582.59 - samples/sec: 174.65 - lr: 0.000004 - momentum: 0.000000
2024-05-30 00:16:14,421 epoch 5 - iter 2240/2802 - loss 0.00521229 - time (sec): 665.75 - samples/sec: 173.57 - lr: 0.000004 - momentum: 0.000000
2024-05-30 00:17:38,222 epoch 5 - iter 2520/2802 - loss 0.00513723 - time (sec): 749.55 - samples/sec: 173.63 - lr: 0.000004 - momentum: 0.000000
2024-05-30 00:19:01,345 epoch 5 - iter 2800/2802 - loss 0.00544309 - time (sec): 832.67 - samples/sec: 174.15 - lr: 0.000004 - momentum: 0.000000
2024-05-30 00:19:01,877 ----------------------------------------------------------------------------------------------------
2024-05-30 00:19:01,878 EPOCH 5 done: loss 0.0054 - lr: 0.000004
2024-05-30 00:19:02,673 DEV : loss 0.015356212854385376 - f1-score (micro avg)  0.5366
2024-05-30 00:19:02,702 ----------------------------------------------------------------------------------------------------
2024-05-30 00:20:25,795 epoch 6 - iter 280/2802 - loss 0.00505888 - time (sec): 83.09 - samples/sec: 165.65 - lr: 0.000004 - momentum: 0.000000
2024-05-30 00:21:49,539 epoch 6 - iter 560/2802 - loss 0.00708527 - time (sec): 166.83 - samples/sec: 173.29 - lr: 0.000004 - momentum: 0.000000
2024-05-30 00:23:12,664 epoch 6 - iter 840/2802 - loss 0.00686374 - time (sec): 249.96 - samples/sec: 173.15 - lr: 0.000004 - momentum: 0.000000
2024-05-30 00:24:35,722 epoch 6 - iter 1120/2802 - loss 0.00573050 - time (sec): 333.02 - samples/sec: 172.89 - lr: 0.000004 - momentum: 0.000000
2024-05-30 00:25:59,027 epoch 6 - iter 1400/2802 - loss 0.00531907 - time (sec): 416.32 - samples/sec: 174.22 - lr: 0.000004 - momentum: 0.000000
2024-05-30 00:27:22,195 epoch 6 - iter 1680/2802 - loss 0.00466802 - time (sec): 499.49 - samples/sec: 174.68 - lr: 0.000004 - momentum: 0.000000
2024-05-30 00:28:45,529 epoch 6 - iter 1960/2802 - loss 0.00468039 - time (sec): 582.82 - samples/sec: 173.81 - lr: 0.000004 - momentum: 0.000000
2024-05-30 00:30:08,637 epoch 6 - iter 2240/2802 - loss 0.00440461 - time (sec): 665.93 - samples/sec: 173.27 - lr: 0.000004 - momentum: 0.000000
2024-05-30 00:31:32,316 epoch 6 - iter 2520/2802 - loss 0.00480193 - time (sec): 749.61 - samples/sec: 174.23 - lr: 0.000004 - momentum: 0.000000
2024-05-30 00:32:55,433 epoch 6 - iter 2800/2802 - loss 0.00475032 - time (sec): 832.73 - samples/sec: 174.12 - lr: 0.000004 - momentum: 0.000000
2024-05-30 00:32:55,981 ----------------------------------------------------------------------------------------------------
2024-05-30 00:32:55,981 EPOCH 6 done: loss 0.0047 - lr: 0.000004
2024-05-30 00:32:56,706 DEV : loss 0.015460633672773838 - f1-score (micro avg)  0.5366
2024-05-30 00:32:56,735 ----------------------------------------------------------------------------------------------------
2024-05-30 00:34:19,898 epoch 7 - iter 280/2802 - loss 0.00336797 - time (sec): 83.16 - samples/sec: 176.08 - lr: 0.000004 - momentum: 0.000000
2024-05-30 00:35:43,305 epoch 7 - iter 560/2802 - loss 0.00317778 - time (sec): 166.57 - samples/sec: 174.71 - lr: 0.000004 - momentum: 0.000000
2024-05-30 00:37:06,447 epoch 7 - iter 840/2802 - loss 0.00311180 - time (sec): 249.71 - samples/sec: 173.94 - lr: 0.000004 - momentum: 0.000000
2024-05-30 00:38:29,806 epoch 7 - iter 1120/2802 - loss 0.00316853 - time (sec): 333.07 - samples/sec: 174.09 - lr: 0.000004 - momentum: 0.000000
2024-05-30 00:39:53,023 epoch 7 - iter 1400/2802 - loss 0.00282562 - time (sec): 416.28 - samples/sec: 173.26 - lr: 0.000004 - momentum: 0.000000
2024-05-30 00:41:16,218 epoch 7 - iter 1680/2802 - loss 0.00308982 - time (sec): 499.48 - samples/sec: 172.88 - lr: 0.000004 - momentum: 0.000000
2024-05-30 00:42:39,566 epoch 7 - iter 1960/2802 - loss 0.00308916 - time (sec): 582.83 - samples/sec: 173.56 - lr: 0.000004 - momentum: 0.000000
2024-05-30 00:44:02,714 epoch 7 - iter 2240/2802 - loss 0.00304513 - time (sec): 665.98 - samples/sec: 173.70 - lr: 0.000004 - momentum: 0.000000
2024-05-30 00:45:26,320 epoch 7 - iter 2520/2802 - loss 0.00336402 - time (sec): 749.58 - samples/sec: 173.38 - lr: 0.000004 - momentum: 0.000000
2024-05-30 00:46:49,735 epoch 7 - iter 2800/2802 - loss 0.00332812 - time (sec): 833.00 - samples/sec: 174.11 - lr: 0.000004 - momentum: 0.000000
2024-05-30 00:46:50,266 ----------------------------------------------------------------------------------------------------
2024-05-30 00:46:50,267 EPOCH 7 done: loss 0.0033 - lr: 0.000004
2024-05-30 00:46:50,989 DEV : loss 0.015504660084843636 - f1-score (micro avg)  0.5366
2024-05-30 00:46:51,020 ----------------------------------------------------------------------------------------------------
2024-05-30 00:48:14,857 epoch 8 - iter 280/2802 - loss 0.00530314 - time (sec): 83.83 - samples/sec: 178.69 - lr: 0.000004 - momentum: 0.000000
2024-05-30 00:49:38,682 epoch 8 - iter 560/2802 - loss 0.00386619 - time (sec): 167.66 - samples/sec: 173.95 - lr: 0.000004 - momentum: 0.000000
2024-05-30 00:51:01,883 epoch 8 - iter 840/2802 - loss 0.00379230 - time (sec): 250.86 - samples/sec: 172.43 - lr: 0.000004 - momentum: 0.000000
2024-05-30 00:52:24,951 epoch 8 - iter 1120/2802 - loss 0.00360052 - time (sec): 333.93 - samples/sec: 171.83 - lr: 0.000004 - momentum: 0.000000
2024-05-30 00:53:48,282 epoch 8 - iter 1400/2802 - loss 0.00310964 - time (sec): 417.26 - samples/sec: 172.47 - lr: 0.000003 - momentum: 0.000000
2024-05-30 00:55:11,504 epoch 8 - iter 1680/2802 - loss 0.00307896 - time (sec): 500.48 - samples/sec: 171.97 - lr: 0.000003 - momentum: 0.000000
2024-05-30 00:56:34,746 epoch 8 - iter 1960/2802 - loss 0.00277752 - time (sec): 583.72 - samples/sec: 172.49 - lr: 0.000003 - momentum: 0.000000
2024-05-30 00:57:58,118 epoch 8 - iter 2240/2802 - loss 0.00277090 - time (sec): 667.10 - samples/sec: 172.64 - lr: 0.000003 - momentum: 0.000000
2024-05-30 00:59:21,671 epoch 8 - iter 2520/2802 - loss 0.00275681 - time (sec): 750.65 - samples/sec: 173.56 - lr: 0.000003 - momentum: 0.000000
2024-05-30 01:00:44,860 epoch 8 - iter 2800/2802 - loss 0.00254246 - time (sec): 833.84 - samples/sec: 173.91 - lr: 0.000003 - momentum: 0.000000
2024-05-30 01:00:45,393 ----------------------------------------------------------------------------------------------------
2024-05-30 01:00:45,394 EPOCH 8 done: loss 0.0025 - lr: 0.000003
2024-05-30 01:00:46,113 DEV : loss 0.015592217445373535 - f1-score (micro avg)  0.5366
2024-05-30 01:00:46,140 ----------------------------------------------------------------------------------------------------
2024-05-30 01:02:09,709 epoch 9 - iter 280/2802 - loss 0.00180023 - time (sec): 83.57 - samples/sec: 174.96 - lr: 0.000003 - momentum: 0.000000
2024-05-30 01:03:34,278 epoch 9 - iter 560/2802 - loss 0.00190639 - time (sec): 168.14 - samples/sec: 172.52 - lr: 0.000003 - momentum: 0.000000
2024-05-30 01:04:57,786 epoch 9 - iter 840/2802 - loss 0.00161519 - time (sec): 251.64 - samples/sec: 177.47 - lr: 0.000003 - momentum: 0.000000
2024-05-30 01:06:21,084 epoch 9 - iter 1120/2802 - loss 0.00160664 - time (sec): 334.94 - samples/sec: 176.60 - lr: 0.000003 - momentum: 0.000000
2024-05-30 01:07:44,516 epoch 9 - iter 1400/2802 - loss 0.00215238 - time (sec): 418.37 - samples/sec: 175.73 - lr: 0.000003 - momentum: 0.000000
2024-05-30 01:09:07,568 epoch 9 - iter 1680/2802 - loss 0.00191422 - time (sec): 501.43 - samples/sec: 173.73 - lr: 0.000003 - momentum: 0.000000
2024-05-30 01:10:30,846 epoch 9 - iter 1960/2802 - loss 0.00224675 - time (sec): 584.70 - samples/sec: 174.32 - lr: 0.000003 - momentum: 0.000000
2024-05-30 01:11:54,043 epoch 9 - iter 2240/2802 - loss 0.00236396 - time (sec): 667.90 - samples/sec: 173.61 - lr: 0.000003 - momentum: 0.000000
2024-05-30 01:13:17,651 epoch 9 - iter 2520/2802 - loss 0.00229213 - time (sec): 751.51 - samples/sec: 174.10 - lr: 0.000003 - momentum: 0.000000
2024-05-30 01:14:40,829 epoch 9 - iter 2800/2802 - loss 0.00230027 - time (sec): 834.69 - samples/sec: 173.77 - lr: 0.000003 - momentum: 0.000000
2024-05-30 01:14:41,369 ----------------------------------------------------------------------------------------------------
2024-05-30 01:14:41,370 EPOCH 9 done: loss 0.0023 - lr: 0.000003
2024-05-30 01:14:42,100 DEV : loss 0.01565651409327984 - f1-score (micro avg)  0.5366
2024-05-30 01:14:42,141 ----------------------------------------------------------------------------------------------------
2024-05-30 01:16:05,163 epoch 10 - iter 280/2802 - loss 0.00060702 - time (sec): 83.02 - samples/sec: 182.01 - lr: 0.000003 - momentum: 0.000000
2024-05-30 01:17:28,644 epoch 10 - iter 560/2802 - loss 0.00086030 - time (sec): 166.50 - samples/sec: 179.04 - lr: 0.000003 - momentum: 0.000000
2024-05-30 01:18:52,007 epoch 10 - iter 840/2802 - loss 0.00144550 - time (sec): 249.86 - samples/sec: 174.35 - lr: 0.000003 - momentum: 0.000000
2024-05-30 01:20:15,214 epoch 10 - iter 1120/2802 - loss 0.00107617 - time (sec): 333.07 - samples/sec: 175.73 - lr: 0.000003 - momentum: 0.000000
2024-05-30 01:21:38,376 epoch 10 - iter 1400/2802 - loss 0.00091383 - time (sec): 416.23 - samples/sec: 175.26 - lr: 0.000003 - momentum: 0.000000
2024-05-30 01:23:02,656 epoch 10 - iter 1680/2802 - loss 0.00076532 - time (sec): 500.51 - samples/sec: 174.24 - lr: 0.000003 - momentum: 0.000000
2024-05-30 01:24:26,006 epoch 10 - iter 1960/2802 - loss 0.00100502 - time (sec): 583.86 - samples/sec: 174.58 - lr: 0.000003 - momentum: 0.000000
2024-05-30 01:25:49,265 epoch 10 - iter 2240/2802 - loss 0.00098421 - time (sec): 667.12 - samples/sec: 174.52 - lr: 0.000003 - momentum: 0.000000
2024-05-30 01:27:12,778 epoch 10 - iter 2520/2802 - loss 0.00099674 - time (sec): 750.63 - samples/sec: 174.10 - lr: 0.000003 - momentum: 0.000000
2024-05-30 01:28:36,097 epoch 10 - iter 2800/2802 - loss 0.00149376 - time (sec): 833.95 - samples/sec: 173.93 - lr: 0.000003 - momentum: 0.000000
2024-05-30 01:28:36,630 ----------------------------------------------------------------------------------------------------
2024-05-30 01:28:36,630 EPOCH 10 done: loss 0.0015 - lr: 0.000003
2024-05-30 01:28:37,358 DEV : loss 0.01578536629676819 - f1-score (micro avg)  0.5366
2024-05-30 01:28:37,392 ----------------------------------------------------------------------------------------------------
2024-05-30 01:30:00,594 epoch 11 - iter 280/2802 - loss 0.00619977 - time (sec): 83.20 - samples/sec: 178.29 - lr: 0.000003 - momentum: 0.000000
2024-05-30 01:31:24,342 epoch 11 - iter 560/2802 - loss 0.00313288 - time (sec): 166.95 - samples/sec: 179.07 - lr: 0.000003 - momentum: 0.000000
2024-05-30 01:32:47,651 epoch 11 - iter 840/2802 - loss 0.00239992 - time (sec): 250.26 - samples/sec: 180.80 - lr: 0.000003 - momentum: 0.000000
2024-05-30 01:34:10,789 epoch 11 - iter 1120/2802 - loss 0.00225855 - time (sec): 333.40 - samples/sec: 178.27 - lr: 0.000003 - momentum: 0.000000
2024-05-30 01:35:34,072 epoch 11 - iter 1400/2802 - loss 0.00239890 - time (sec): 416.68 - samples/sec: 176.88 - lr: 0.000003 - momentum: 0.000000
2024-05-30 01:36:57,330 epoch 11 - iter 1680/2802 - loss 0.00203318 - time (sec): 499.94 - samples/sec: 176.08 - lr: 0.000003 - momentum: 0.000000
2024-05-30 01:38:20,541 epoch 11 - iter 1960/2802 - loss 0.00175270 - time (sec): 583.15 - samples/sec: 175.12 - lr: 0.000003 - momentum: 0.000000
2024-05-30 01:39:43,591 epoch 11 - iter 2240/2802 - loss 0.00192983 - time (sec): 666.20 - samples/sec: 174.83 - lr: 0.000003 - momentum: 0.000000
2024-05-30 01:41:07,085 epoch 11 - iter 2520/2802 - loss 0.00184139 - time (sec): 749.69 - samples/sec: 174.16 - lr: 0.000003 - momentum: 0.000000
2024-05-30 01:42:30,412 epoch 11 - iter 2800/2802 - loss 0.00191922 - time (sec): 833.02 - samples/sec: 174.12 - lr: 0.000003 - momentum: 0.000000
2024-05-30 01:42:30,959 ----------------------------------------------------------------------------------------------------
2024-05-30 01:42:30,960 EPOCH 11 done: loss 0.0019 - lr: 0.000003
2024-05-30 01:42:31,682 DEV : loss 0.015866205096244812 - f1-score (micro avg)  0.5366
2024-05-30 01:42:31,719 ----------------------------------------------------------------------------------------------------
2024-05-30 01:43:55,017 epoch 12 - iter 280/2802 - loss 0.00326965 - time (sec): 83.30 - samples/sec: 183.41 - lr: 0.000002 - momentum: 0.000000
2024-05-30 01:45:18,643 epoch 12 - iter 560/2802 - loss 0.00184741 - time (sec): 166.92 - samples/sec: 177.30 - lr: 0.000002 - momentum: 0.000000
2024-05-30 01:46:42,195 epoch 12 - iter 840/2802 - loss 0.00136449 - time (sec): 250.47 - samples/sec: 182.22 - lr: 0.000002 - momentum: 0.000000
2024-05-30 01:48:05,224 epoch 12 - iter 1120/2802 - loss 0.00139626 - time (sec): 333.50 - samples/sec: 178.05 - lr: 0.000002 - momentum: 0.000000
2024-05-30 01:49:28,377 epoch 12 - iter 1400/2802 - loss 0.00116687 - time (sec): 416.66 - samples/sec: 176.06 - lr: 0.000002 - momentum: 0.000000
2024-05-30 01:50:51,782 epoch 12 - iter 1680/2802 - loss 0.00100737 - time (sec): 500.06 - samples/sec: 175.34 - lr: 0.000002 - momentum: 0.000000
2024-05-30 01:52:14,882 epoch 12 - iter 1960/2802 - loss 0.00122687 - time (sec): 583.16 - samples/sec: 173.61 - lr: 0.000002 - momentum: 0.000000
2024-05-30 01:53:38,405 epoch 12 - iter 2240/2802 - loss 0.00129462 - time (sec): 666.68 - samples/sec: 174.62 - lr: 0.000002 - momentum: 0.000000
2024-05-30 01:55:02,138 epoch 12 - iter 2520/2802 - loss 0.00115511 - time (sec): 750.42 - samples/sec: 173.89 - lr: 0.000002 - momentum: 0.000000
2024-05-30 01:56:25,259 epoch 12 - iter 2800/2802 - loss 0.00113517 - time (sec): 833.54 - samples/sec: 174.02 - lr: 0.000002 - momentum: 0.000000
2024-05-30 01:56:25,795 ----------------------------------------------------------------------------------------------------
2024-05-30 01:56:25,796 EPOCH 12 done: loss 0.0011 - lr: 0.000002
2024-05-30 01:56:26,529 DEV : loss 0.015984466299414635 - f1-score (micro avg)  0.5366
2024-05-30 01:56:26,573 ----------------------------------------------------------------------------------------------------
2024-05-30 01:57:50,006 epoch 13 - iter 280/2802 - loss 0.00216738 - time (sec): 83.43 - samples/sec: 176.73 - lr: 0.000002 - momentum: 0.000000
2024-05-30 01:59:13,386 epoch 13 - iter 560/2802 - loss 0.00109684 - time (sec): 166.81 - samples/sec: 177.56 - lr: 0.000002 - momentum: 0.000000
2024-05-30 02:00:36,535 epoch 13 - iter 840/2802 - loss 0.00122495 - time (sec): 249.96 - samples/sec: 175.20 - lr: 0.000002 - momentum: 0.000000
2024-05-30 02:01:59,665 epoch 13 - iter 1120/2802 - loss 0.00125696 - time (sec): 333.09 - samples/sec: 175.26 - lr: 0.000002 - momentum: 0.000000
2024-05-30 02:03:23,016 epoch 13 - iter 1400/2802 - loss 0.00115826 - time (sec): 416.44 - samples/sec: 174.68 - lr: 0.000002 - momentum: 0.000000
2024-05-30 02:04:46,208 epoch 13 - iter 1680/2802 - loss 0.00105534 - time (sec): 499.63 - samples/sec: 176.21 - lr: 0.000002 - momentum: 0.000000
2024-05-30 02:06:09,407 epoch 13 - iter 1960/2802 - loss 0.00091072 - time (sec): 582.83 - samples/sec: 175.06 - lr: 0.000002 - momentum: 0.000000
2024-05-30 02:07:32,675 epoch 13 - iter 2240/2802 - loss 0.00079655 - time (sec): 666.10 - samples/sec: 175.15 - lr: 0.000002 - momentum: 0.000000
2024-05-30 02:08:56,100 epoch 13 - iter 2520/2802 - loss 0.00089489 - time (sec): 749.52 - samples/sec: 174.46 - lr: 0.000002 - momentum: 0.000000
2024-05-30 02:10:19,216 epoch 13 - iter 2800/2802 - loss 0.00084516 - time (sec): 832.64 - samples/sec: 174.23 - lr: 0.000002 - momentum: 0.000000
2024-05-30 02:10:19,754 ----------------------------------------------------------------------------------------------------
2024-05-30 02:10:19,755 EPOCH 13 done: loss 0.0008 - lr: 0.000002
2024-05-30 02:10:20,514 DEV : loss 0.01609264314174652 - f1-score (micro avg)  0.5366
2024-05-30 02:10:20,546 ----------------------------------------------------------------------------------------------------
2024-05-30 02:11:44,054 epoch 14 - iter 280/2802 - loss 0.00000056 - time (sec): 83.50 - samples/sec: 174.21 - lr: 0.000002 - momentum: 0.000000
2024-05-30 02:13:07,314 epoch 14 - iter 560/2802 - loss 0.00068481 - time (sec): 166.76 - samples/sec: 173.96 - lr: 0.000002 - momentum: 0.000000
2024-05-30 02:14:30,528 epoch 14 - iter 840/2802 - loss 0.00045862 - time (sec): 249.98 - samples/sec: 174.16 - lr: 0.000002 - momentum: 0.000000
2024-05-30 02:15:53,765 epoch 14 - iter 1120/2802 - loss 0.00094879 - time (sec): 333.22 - samples/sec: 174.64 - lr: 0.000002 - momentum: 0.000000
2024-05-30 02:17:16,802 epoch 14 - iter 1400/2802 - loss 0.00076768 - time (sec): 416.25 - samples/sec: 173.62 - lr: 0.000002 - momentum: 0.000000
2024-05-30 02:18:39,962 epoch 14 - iter 1680/2802 - loss 0.00083821 - time (sec): 499.41 - samples/sec: 173.41 - lr: 0.000002 - momentum: 0.000000
2024-05-30 02:20:03,125 epoch 14 - iter 1960/2802 - loss 0.00090658 - time (sec): 582.58 - samples/sec: 174.77 - lr: 0.000002 - momentum: 0.000000
2024-05-30 02:21:26,179 epoch 14 - iter 2240/2802 - loss 0.00080432 - time (sec): 665.63 - samples/sec: 174.38 - lr: 0.000002 - momentum: 0.000000
2024-05-30 02:22:49,742 epoch 14 - iter 2520/2802 - loss 0.00076391 - time (sec): 749.19 - samples/sec: 174.48 - lr: 0.000002 - momentum: 0.000000
2024-05-30 02:24:12,876 epoch 14 - iter 2800/2802 - loss 0.00072087 - time (sec): 832.33 - samples/sec: 174.17 - lr: 0.000002 - momentum: 0.000000
2024-05-30 02:24:13,414 ----------------------------------------------------------------------------------------------------
2024-05-30 02:24:13,414 EPOCH 14 done: loss 0.0007 - lr: 0.000002
2024-05-30 02:24:14,132 DEV : loss 0.0161795224994421 - f1-score (micro avg)  0.5366
2024-05-30 02:24:14,153 ----------------------------------------------------------------------------------------------------
2024-05-30 02:25:37,464 epoch 15 - iter 280/2802 - loss 0.00077581 - time (sec): 83.31 - samples/sec: 167.68 - lr: 0.000002 - momentum: 0.000000
2024-05-30 02:27:00,729 epoch 15 - iter 560/2802 - loss 0.00081554 - time (sec): 166.57 - samples/sec: 170.57 - lr: 0.000002 - momentum: 0.000000
2024-05-30 02:28:24,017 epoch 15 - iter 840/2802 - loss 0.00081679 - time (sec): 249.86 - samples/sec: 170.84 - lr: 0.000002 - momentum: 0.000000
2024-05-30 02:29:47,281 epoch 15 - iter 1120/2802 - loss 0.00073576 - time (sec): 333.13 - samples/sec: 170.63 - lr: 0.000002 - momentum: 0.000000
2024-05-30 02:31:10,617 epoch 15 - iter 1400/2802 - loss 0.00073753 - time (sec): 416.46 - samples/sec: 170.57 - lr: 0.000002 - momentum: 0.000000
2024-05-30 02:32:33,732 epoch 15 - iter 1680/2802 - loss 0.00072791 - time (sec): 499.58 - samples/sec: 171.17 - lr: 0.000002 - momentum: 0.000000
2024-05-30 02:33:56,818 epoch 15 - iter 1960/2802 - loss 0.00062544 - time (sec): 582.66 - samples/sec: 170.82 - lr: 0.000001 - momentum: 0.000000
2024-05-30 02:35:20,015 epoch 15 - iter 2240/2802 - loss 0.00054409 - time (sec): 665.86 - samples/sec: 171.84 - lr: 0.000001 - momentum: 0.000000
2024-05-30 02:36:43,608 epoch 15 - iter 2520/2802 - loss 0.00048335 - time (sec): 749.45 - samples/sec: 172.48 - lr: 0.000001 - momentum: 0.000000
2024-05-30 02:38:07,450 epoch 15 - iter 2800/2802 - loss 0.00043083 - time (sec): 833.29 - samples/sec: 174.06 - lr: 0.000001 - momentum: 0.000000
2024-05-30 02:38:07,981 ----------------------------------------------------------------------------------------------------
2024-05-30 02:38:07,982 EPOCH 15 done: loss 0.0004 - lr: 0.000001
2024-05-30 02:38:08,705 DEV : loss 0.0162587258964777 - f1-score (micro avg)  0.5366
2024-05-30 02:38:08,732 ----------------------------------------------------------------------------------------------------
2024-05-30 02:39:31,989 epoch 16 - iter 280/2802 - loss 0.00075095 - time (sec): 83.25 - samples/sec: 168.74 - lr: 0.000001 - momentum: 0.000000
2024-05-30 02:40:55,153 epoch 16 - iter 560/2802 - loss 0.00036501 - time (sec): 166.42 - samples/sec: 173.77 - lr: 0.000001 - momentum: 0.000000
2024-05-30 02:42:18,489 epoch 16 - iter 840/2802 - loss 0.00066038 - time (sec): 249.75 - samples/sec: 174.25 - lr: 0.000001 - momentum: 0.000000
2024-05-30 02:43:41,768 epoch 16 - iter 1120/2802 - loss 0.00089737 - time (sec): 333.03 - samples/sec: 173.71 - lr: 0.000001 - momentum: 0.000000
2024-05-30 02:45:04,879 epoch 16 - iter 1400/2802 - loss 0.00071910 - time (sec): 416.14 - samples/sec: 173.53 - lr: 0.000001 - momentum: 0.000000
2024-05-30 02:46:27,939 epoch 16 - iter 1680/2802 - loss 0.00060229 - time (sec): 499.20 - samples/sec: 172.99 - lr: 0.000001 - momentum: 0.000000
2024-05-30 02:47:51,029 epoch 16 - iter 1960/2802 - loss 0.00062797 - time (sec): 582.29 - samples/sec: 172.74 - lr: 0.000001 - momentum: 0.000000
2024-05-30 02:49:14,355 epoch 16 - iter 2240/2802 - loss 0.00054428 - time (sec): 665.62 - samples/sec: 174.37 - lr: 0.000001 - momentum: 0.000000
2024-05-30 02:50:37,940 epoch 16 - iter 2520/2802 - loss 0.00049079 - time (sec): 749.21 - samples/sec: 174.18 - lr: 0.000001 - momentum: 0.000000
2024-05-30 02:52:01,061 epoch 16 - iter 2800/2802 - loss 0.00044972 - time (sec): 832.33 - samples/sec: 174.25 - lr: 0.000001 - momentum: 0.000000
2024-05-30 02:52:01,595 ----------------------------------------------------------------------------------------------------
2024-05-30 02:52:01,596 EPOCH 16 done: loss 0.0004 - lr: 0.000001
2024-05-30 02:52:02,317 DEV : loss 0.016315899789333344 - f1-score (micro avg)  0.5366
2024-05-30 02:52:02,345 ----------------------------------------------------------------------------------------------------
2024-05-30 02:53:25,967 epoch 17 - iter 280/2802 - loss 0.00003376 - time (sec): 83.62 - samples/sec: 176.43 - lr: 0.000001 - momentum: 0.000000
2024-05-30 02:54:49,208 epoch 17 - iter 560/2802 - loss 0.00001701 - time (sec): 166.86 - samples/sec: 176.09 - lr: 0.000001 - momentum: 0.000000
2024-05-30 02:56:12,406 epoch 17 - iter 840/2802 - loss 0.00024877 - time (sec): 250.06 - samples/sec: 173.27 - lr: 0.000001 - momentum: 0.000000
2024-05-30 02:57:35,585 epoch 17 - iter 1120/2802 - loss 0.00018822 - time (sec): 333.24 - samples/sec: 173.37 - lr: 0.000001 - momentum: 0.000000
2024-05-30 02:58:58,621 epoch 17 - iter 1400/2802 - loss 0.00020423 - time (sec): 416.27 - samples/sec: 173.27 - lr: 0.000001 - momentum: 0.000000
2024-05-30 03:00:21,895 epoch 17 - iter 1680/2802 - loss 0.00016974 - time (sec): 499.55 - samples/sec: 173.77 - lr: 0.000001 - momentum: 0.000000
2024-05-30 03:01:45,045 epoch 17 - iter 1960/2802 - loss 0.00014995 - time (sec): 582.70 - samples/sec: 175.63 - lr: 0.000001 - momentum: 0.000000
2024-05-30 03:03:08,971 epoch 17 - iter 2240/2802 - loss 0.00024799 - time (sec): 666.62 - samples/sec: 175.00 - lr: 0.000001 - momentum: 0.000000
2024-05-30 03:04:33,481 epoch 17 - iter 2520/2802 - loss 0.00039215 - time (sec): 751.13 - samples/sec: 173.93 - lr: 0.000001 - momentum: 0.000000
2024-05-30 03:05:56,841 epoch 17 - iter 2800/2802 - loss 0.00042998 - time (sec): 834.49 - samples/sec: 173.85 - lr: 0.000001 - momentum: 0.000000
2024-05-30 03:05:57,378 ----------------------------------------------------------------------------------------------------
2024-05-30 03:05:57,378 EPOCH 17 done: loss 0.0004 - lr: 0.000001
2024-05-30 03:05:58,107 DEV : loss 0.016363492235541344 - f1-score (micro avg)  0.5366
2024-05-30 03:05:58,136 ----------------------------------------------------------------------------------------------------
2024-05-30 03:07:21,572 epoch 18 - iter 280/2802 - loss 0.00000750 - time (sec): 83.43 - samples/sec: 169.18 - lr: 0.000001 - momentum: 0.000000
2024-05-30 03:08:44,823 epoch 18 - iter 560/2802 - loss 0.00000402 - time (sec): 166.69 - samples/sec: 171.99 - lr: 0.000001 - momentum: 0.000000
2024-05-30 03:10:08,451 epoch 18 - iter 840/2802 - loss 0.00004186 - time (sec): 250.31 - samples/sec: 172.91 - lr: 0.000001 - momentum: 0.000000
2024-05-30 03:11:31,659 epoch 18 - iter 1120/2802 - loss 0.00003149 - time (sec): 333.52 - samples/sec: 173.31 - lr: 0.000001 - momentum: 0.000000
2024-05-30 03:12:54,720 epoch 18 - iter 1400/2802 - loss 0.00034622 - time (sec): 416.58 - samples/sec: 172.51 - lr: 0.000001 - momentum: 0.000000
2024-05-30 03:14:18,036 epoch 18 - iter 1680/2802 - loss 0.00042870 - time (sec): 499.90 - samples/sec: 173.59 - lr: 0.000001 - momentum: 0.000000
2024-05-30 03:15:41,701 epoch 18 - iter 1960/2802 - loss 0.00036962 - time (sec): 583.56 - samples/sec: 172.71 - lr: 0.000001 - momentum: 0.000000
2024-05-30 03:17:05,308 epoch 18 - iter 2240/2802 - loss 0.00032365 - time (sec): 667.17 - samples/sec: 173.33 - lr: 0.000001 - momentum: 0.000000
2024-05-30 03:18:28,508 epoch 18 - iter 2520/2802 - loss 0.00035763 - time (sec): 750.37 - samples/sec: 173.51 - lr: 0.000001 - momentum: 0.000000
2024-05-30 03:19:51,804 epoch 18 - iter 2800/2802 - loss 0.00041163 - time (sec): 833.67 - samples/sec: 173.95 - lr: 0.000001 - momentum: 0.000000
2024-05-30 03:19:52,343 ----------------------------------------------------------------------------------------------------
2024-05-30 03:19:52,343 EPOCH 18 done: loss 0.0004 - lr: 0.000001
2024-05-30 03:19:53,067 DEV : loss 0.016421085223555565 - f1-score (micro avg)  0.5366
2024-05-30 03:19:53,093 ----------------------------------------------------------------------------------------------------
2024-05-30 03:21:16,876 epoch 19 - iter 280/2802 - loss 0.00000038 - time (sec): 83.78 - samples/sec: 182.07 - lr: 0.000001 - momentum: 0.000000
2024-05-30 03:22:40,055 epoch 19 - iter 560/2802 - loss 0.00000039 - time (sec): 166.96 - samples/sec: 182.87 - lr: 0.000001 - momentum: 0.000000
2024-05-30 03:24:03,297 epoch 19 - iter 840/2802 - loss 0.00005211 - time (sec): 250.20 - samples/sec: 178.63 - lr: 0.000000 - momentum: 0.000000
2024-05-30 03:25:26,422 epoch 19 - iter 1120/2802 - loss 0.00004023 - time (sec): 333.33 - samples/sec: 175.36 - lr: 0.000000 - momentum: 0.000000
2024-05-30 03:26:49,604 epoch 19 - iter 1400/2802 - loss 0.00021801 - time (sec): 416.51 - samples/sec: 175.09 - lr: 0.000000 - momentum: 0.000000
2024-05-30 03:28:12,878 epoch 19 - iter 1680/2802 - loss 0.00018318 - time (sec): 499.78 - samples/sec: 174.21 - lr: 0.000000 - momentum: 0.000000
2024-05-30 03:29:36,268 epoch 19 - iter 1960/2802 - loss 0.00015704 - time (sec): 583.17 - samples/sec: 174.22 - lr: 0.000000 - momentum: 0.000000
2024-05-30 03:30:59,811 epoch 19 - iter 2240/2802 - loss 0.00020859 - time (sec): 666.72 - samples/sec: 173.66 - lr: 0.000000 - momentum: 0.000000
2024-05-30 03:32:22,925 epoch 19 - iter 2520/2802 - loss 0.00018498 - time (sec): 749.83 - samples/sec: 174.24 - lr: 0.000000 - momentum: 0.000000
2024-05-30 03:33:46,228 epoch 19 - iter 2800/2802 - loss 0.00023660 - time (sec): 833.13 - samples/sec: 174.07 - lr: 0.000000 - momentum: 0.000000
2024-05-30 03:33:46,772 ----------------------------------------------------------------------------------------------------
2024-05-30 03:33:46,772 EPOCH 19 done: loss 0.0002 - lr: 0.000000
2024-05-30 03:33:47,496 DEV : loss 0.01644924096763134 - f1-score (micro avg)  0.5366
2024-05-30 03:33:47,528 ----------------------------------------------------------------------------------------------------
2024-05-30 03:35:11,020 epoch 20 - iter 280/2802 - loss 0.00000540 - time (sec): 83.49 - samples/sec: 177.63 - lr: 0.000000 - momentum: 0.000000
2024-05-30 03:36:34,304 epoch 20 - iter 560/2802 - loss 0.00000309 - time (sec): 166.77 - samples/sec: 174.00 - lr: 0.000000 - momentum: 0.000000
2024-05-30 03:37:57,489 epoch 20 - iter 840/2802 - loss 0.00000283 - time (sec): 249.96 - samples/sec: 173.32 - lr: 0.000000 - momentum: 0.000000
2024-05-30 03:39:20,738 epoch 20 - iter 1120/2802 - loss 0.00018617 - time (sec): 333.21 - samples/sec: 175.11 - lr: 0.000000 - momentum: 0.000000
2024-05-30 03:40:43,734 epoch 20 - iter 1400/2802 - loss 0.00015019 - time (sec): 416.20 - samples/sec: 174.05 - lr: 0.000000 - momentum: 0.000000
2024-05-30 03:42:06,846 epoch 20 - iter 1680/2802 - loss 0.00027488 - time (sec): 499.32 - samples/sec: 173.22 - lr: 0.000000 - momentum: 0.000000
2024-05-30 03:43:30,253 epoch 20 - iter 1960/2802 - loss 0.00023978 - time (sec): 582.72 - samples/sec: 173.44 - lr: 0.000000 - momentum: 0.000000
2024-05-30 03:44:53,831 epoch 20 - iter 2240/2802 - loss 0.00021001 - time (sec): 666.30 - samples/sec: 173.23 - lr: 0.000000 - momentum: 0.000000
2024-05-30 03:46:17,275 epoch 20 - iter 2520/2802 - loss 0.00026211 - time (sec): 749.75 - samples/sec: 174.33 - lr: 0.000000 - momentum: 0.000000
2024-05-30 03:47:40,386 epoch 20 - iter 2800/2802 - loss 0.00023632 - time (sec): 832.86 - samples/sec: 174.09 - lr: 0.000000 - momentum: 0.000000
2024-05-30 03:47:40,928 ----------------------------------------------------------------------------------------------------
2024-05-30 03:47:40,929 EPOCH 20 done: loss 0.0002 - lr: 0.000000
2024-05-30 03:47:41,653 DEV : loss 0.01646377705037594 - f1-score (micro avg)  0.5366
2024-05-30 03:47:43,799 ----------------------------------------------------------------------------------------------------
2024-05-30 03:47:43,802 Testing using last state of model ...
2024-05-30 03:48:00,260 
Results:
- F-score (micro) 0.9171
- F-score (macro) 0.9171
- Accuracy 0.8469

By class:
              precision    recall  f1-score   support

         LOC     0.9222    0.9121    0.9171        91

   micro avg     0.9222    0.9121    0.9171        91
   macro avg     0.9222    0.9121    0.9171        91
weighted avg     0.9222    0.9121    0.9171        91

2024-05-30 03:48:00,260 ----------------------------------------------------------------------------------------------------
